        -:    0:Source:CliqueCountAlgorithm.cpp
        -:    0:Graph:./CliqueCountAlgorithm.gcno
        -:    0:Data:./CliqueCountAlgorithm.gcda
        -:    0:Runs:39
        -:    1:#include "CliqueCountAlgorithm.hpp"
        -:    2:#include <vector>
        -:    3:#include <string>
        -:    4:
       15:    5:std::string CliqueCountAlgorithm::run(const Graph::Graph& graph) {
       15:    6:    int n = graph.numOfVertices();
       15:    7:    int count = 0;
     1340:    8:    for (int mask = 1; mask < (1 << n); ++mask) {
     1325:    9:        std::vector<int> nodes;
    13157:   10:        for (int i = 0; i < n; ++i) if (mask & (1 << i)) nodes.push_back(i);
     1325:   11:        if (nodes.size() < 2 || nodes.size() > 5) continue;
      876:   12:        bool isClique = true;
     4184:   13:        for (size_t i = 0; i < nodes.size(); ++i)
     8378:   14:            for (size_t j = i + 1; j < nodes.size(); ++j)
     5070:   15:                if (!graph.hasEdge(nodes[i], nodes[j])) isClique = false;
      876:   16:        if (isClique) ++count;
     1325:   17:    }
       15:   18:    return "Number of cliques (size 2-5): " + std::to_string(count);
        -:   19:}
