        -:    0:Source:MSTAlgorithm.cpp
        -:    0:Graph:./MSTAlgorithm.gcno
        -:    0:Data:./MSTAlgorithm.gcda
        -:    0:Runs:39
        -:    1:#include "MSTAlgorithm.hpp"
        -:    2:#include <limits.h>
        -:    3:#include <vector>
        -:    4:#include <string>
        -:    5:
       15:    6:std::string MSTAlgorithm::run(const Graph::Graph& graph) {
       15:    7:    int n = graph.numOfVertices();
       30:    8:    std::vector<bool> inMST(n, false);
       30:    9:    std::vector<int> minEdge(n, INT_MAX);
       15:   10:    minEdge[0] = 0;
       15:   11:    int totalWeight = 0;
       61:   12:    for (int i = 0; i < n; ++i) {
       51:   13:        int u = -1;
      297:   14:        for (int v = 0; v < n; ++v) {
      246:   15:            if (!inMST[v] && (u == -1 || minEdge[v] < minEdge[u])) u = v;
        -:   16:        }
       61:   17:        if (minEdge[u] == INT_MAX) return "Graph not connected";
       46:   18:        inMST[u] = true;
       46:   19:        totalWeight += minEdge[u];
      266:   20:        for (int v = 0; v < n; ++v) {
      220:   21:            if (!inMST[v]) {
      109:   22:                int w1 = graph.getEdgeWeight(u, v);
      109:   23:                int w2 = graph.getEdgeWeight(v, u);
      109:   24:                int w = 0;
      109:   25:                if (w1 > 0 && w2 > 0) w = std::min(w1, w2);
       61:   26:                else if (w1 > 0) w = w1;
       58:   27:                else if (w2 > 0) w = w2;
      109:   28:                if (w > 0 && w < minEdge[v]) minEdge[v] = w;
        -:   29:            }
        -:   30:        }
        -:   31:    }
       10:   32:    return "MST total weight: " + std::to_string(totalWeight);
       15:   33:}
