        -:    0:Source:/usr/include/c++/14/bits/stl_algo.h
        -:    0:Graph:./Graph.gcno
        -:    0:Data:./Graph.gcda
        -:    0:Runs:39
        -:    1:// Algorithm implementation -*- C++ -*-
        -:    2:
        -:    3:// Copyright (C) 2001-2024 Free Software Foundation, Inc.
        -:    4://
        -:    5:// This file is part of the GNU ISO C++ Library.  This library is free
        -:    6:// software; you can redistribute it and/or modify it under the
        -:    7:// terms of the GNU General Public License as published by the
        -:    8:// Free Software Foundation; either version 3, or (at your option)
        -:    9:// any later version.
        -:   10:
        -:   11:// This library is distributed in the hope that it will be useful,
        -:   12:// but WITHOUT ANY WARRANTY; without even the implied warranty of
        -:   13:// MERCHANTABILITY or FITNESS FOR A PARTICULAR PURPOSE.  See the
        -:   14:// GNU General Public License for more details.
        -:   15:
        -:   16:// Under Section 7 of GPL version 3, you are granted additional
        -:   17:// permissions described in the GCC Runtime Library Exception, version
        -:   18:// 3.1, as published by the Free Software Foundation.
        -:   19:
        -:   20:// You should have received a copy of the GNU General Public License and
        -:   21:// a copy of the GCC Runtime Library Exception along with this program;
        -:   22:// see the files COPYING3 and COPYING.RUNTIME respectively.  If not, see
        -:   23:// <http://www.gnu.org/licenses/>.
        -:   24:
        -:   25:/*
        -:   26: *
        -:   27: * Copyright (c) 1994
        -:   28: * Hewlett-Packard Company
        -:   29: *
        -:   30: * Permission to use, copy, modify, distribute and sell this software
        -:   31: * and its documentation for any purpose is hereby granted without fee,
        -:   32: * provided that the above copyright notice appear in all copies and
        -:   33: * that both that copyright notice and this permission notice appear
        -:   34: * in supporting documentation.  Hewlett-Packard Company makes no
        -:   35: * representations about the suitability of this software for any
        -:   36: * purpose.  It is provided "as is" without express or implied warranty.
        -:   37: *
        -:   38: *
        -:   39: * Copyright (c) 1996
        -:   40: * Silicon Graphics Computer Systems, Inc.
        -:   41: *
        -:   42: * Permission to use, copy, modify, distribute and sell this software
        -:   43: * and its documentation for any purpose is hereby granted without fee,
        -:   44: * provided that the above copyright notice appear in all copies and
        -:   45: * that both that copyright notice and this permission notice appear
        -:   46: * in supporting documentation.  Silicon Graphics makes no
        -:   47: * representations about the suitability of this software for any
        -:   48: * purpose.  It is provided "as is" without express or implied warranty.
        -:   49: */
        -:   50:
        -:   51:/** @file bits/stl_algo.h
        -:   52: *  This is an internal header file, included by other library headers.
        -:   53: *  Do not attempt to use it directly. @headername{algorithm}
        -:   54: */
        -:   55:
        -:   56:#ifndef _STL_ALGO_H
        -:   57:#define _STL_ALGO_H 1
        -:   58:
        -:   59:#include <bits/algorithmfwd.h>
        -:   60:#include <bits/stl_algobase.h>
        -:   61:#include <bits/stl_heap.h>
        -:   62:#include <bits/predefined_ops.h>
        -:   63:
        -:   64:#if __cplusplus >= 201103L
        -:   65:#include <bits/uniform_int_dist.h>
        -:   66:#endif
        -:   67:
        -:   68:#if _GLIBCXX_HOSTED
        -:   69:# include <bits/stl_tempbuf.h>  // for _Temporary_buffer
        -:   70:# if (__cplusplus <= 201103L || _GLIBCXX_USE_DEPRECATED)
        -:   71:#  include <cstdlib>	     // for rand
        -:   72:# endif
        -:   73:#endif
        -:   74:
        -:   75:// See concept_check.h for the __glibcxx_*_requires macros.
        -:   76:
        -:   77:namespace std _GLIBCXX_VISIBILITY(default)
        -:   78:{
        -:   79:_GLIBCXX_BEGIN_NAMESPACE_VERSION
        -:   80:
        -:   81:  /// Swaps the median value of *__a, *__b and *__c under __comp to *__result
        -:   82:  template<typename _Iterator, typename _Compare>
        -:   83:    _GLIBCXX20_CONSTEXPR
        -:   84:    void
        -:   85:    __move_median_to_first(_Iterator __result,_Iterator __a, _Iterator __b,
        -:   86:			   _Iterator __c, _Compare __comp)
        -:   87:    {
        -:   88:      if (__comp(__a, __b))
        -:   89:	{
        -:   90:	  if (__comp(__b, __c))
        -:   91:	    std::iter_swap(__result, __b);
        -:   92:	  else if (__comp(__a, __c))
        -:   93:	    std::iter_swap(__result, __c);
        -:   94:	  else
        -:   95:	    std::iter_swap(__result, __a);
        -:   96:	}
        -:   97:      else if (__comp(__a, __c))
        -:   98:	std::iter_swap(__result, __a);
        -:   99:      else if (__comp(__b, __c))
        -:  100:	std::iter_swap(__result, __c);
        -:  101:      else
        -:  102:	std::iter_swap(__result, __b);
        -:  103:    }
        -:  104:
        -:  105:  /// Provided for stable_partition to use.
        -:  106:  template<typename _InputIterator, typename _Predicate>
        -:  107:    _GLIBCXX20_CONSTEXPR
        -:  108:    inline _InputIterator
        -:  109:    __find_if_not(_InputIterator __first, _InputIterator __last,
        -:  110:		  _Predicate __pred)
        -:  111:    {
        -:  112:      return std::__find_if(__first, __last,
        -:  113:			    __gnu_cxx::__ops::__negate(__pred),
        -:  114:			    std::__iterator_category(__first));
        -:  115:    }
        -:  116:
        -:  117:  /// Like find_if_not(), but uses and updates a count of the
        -:  118:  /// remaining range length instead of comparing against an end
        -:  119:  /// iterator.
        -:  120:  template<typename _InputIterator, typename _Predicate, typename _Distance>
        -:  121:    _GLIBCXX20_CONSTEXPR
        -:  122:    _InputIterator
        -:  123:    __find_if_not_n(_InputIterator __first, _Distance& __len, _Predicate __pred)
        -:  124:    {
        -:  125:      for (; __len; --__len,  (void) ++__first)
        -:  126:	if (!__pred(__first))
        -:  127:	  break;
        -:  128:      return __first;
        -:  129:    }
        -:  130:
        -:  131:  // set_difference
        -:  132:  // set_intersection
        -:  133:  // set_symmetric_difference
        -:  134:  // set_union
        -:  135:  // for_each
        -:  136:  // find
        -:  137:  // find_if
        -:  138:  // find_first_of
        -:  139:  // adjacent_find
        -:  140:  // count
        -:  141:  // count_if
        -:  142:  // search
        -:  143:  // search_n
        -:  144:
        -:  145:  /**
        -:  146:   *  This is an helper function for search_n overloaded for forward iterators.
        -:  147:  */
        -:  148:  template<typename _ForwardIterator, typename _Integer,
        -:  149:	   typename _UnaryPredicate>
        -:  150:    _GLIBCXX20_CONSTEXPR
        -:  151:    _ForwardIterator
        -:  152:    __search_n_aux(_ForwardIterator __first, _ForwardIterator __last,
        -:  153:		   _Integer __count, _UnaryPredicate __unary_pred,
        -:  154:		   std::forward_iterator_tag)
        -:  155:    {
        -:  156:      __first = std::__find_if(__first, __last, __unary_pred);
        -:  157:      while (__first != __last)
        -:  158:	{
        -:  159:	  typename iterator_traits<_ForwardIterator>::difference_type
        -:  160:	    __n = __count;
        -:  161:	  _ForwardIterator __i = __first;
        -:  162:	  ++__i;
        -:  163:	  while (__i != __last && __n != 1 && __unary_pred(__i))
        -:  164:	    {
        -:  165:	      ++__i;
        -:  166:	      --__n;
        -:  167:	    }
        -:  168:	  if (__n == 1)
        -:  169:	    return __first;
        -:  170:	  if (__i == __last)
        -:  171:	    return __last;
        -:  172:	  __first = std::__find_if(++__i, __last, __unary_pred);
        -:  173:	}
        -:  174:      return __last;
        -:  175:    }
        -:  176:
        -:  177:  /**
        -:  178:   *  This is an helper function for search_n overloaded for random access
        -:  179:   *  iterators.
        -:  180:  */
        -:  181:  template<typename _RandomAccessIter, typename _Integer,
        -:  182:	   typename _UnaryPredicate>
        -:  183:    _GLIBCXX20_CONSTEXPR
        -:  184:    _RandomAccessIter
        -:  185:    __search_n_aux(_RandomAccessIter __first, _RandomAccessIter __last,
        -:  186:		   _Integer __count, _UnaryPredicate __unary_pred,
        -:  187:		   std::random_access_iterator_tag)
        -:  188:    {
        -:  189:      typedef typename std::iterator_traits<_RandomAccessIter>::difference_type
        -:  190:	_DistanceType;
        -:  191:
        -:  192:      _DistanceType __tailSize = __last - __first;
        -:  193:      _DistanceType __remainder = __count;
        -:  194:
        -:  195:      while (__remainder <= __tailSize) // the main loop...
        -:  196:	{
        -:  197:	  __first += __remainder;
        -:  198:	  __tailSize -= __remainder;
        -:  199:	  // __first here is always pointing to one past the last element of
        -:  200:	  // next possible match.
        -:  201:	  _RandomAccessIter __backTrack = __first; 
        -:  202:	  while (__unary_pred(--__backTrack))
        -:  203:	    {
        -:  204:	      if (--__remainder == 0)
        -:  205:		return (__first - __count); // Success
        -:  206:	    }
        -:  207:	  __remainder = __count + 1 - (__first - __backTrack);
        -:  208:	}
        -:  209:      return __last; // Failure
        -:  210:    }
        -:  211:
        -:  212:  template<typename _ForwardIterator, typename _Integer,
        -:  213:	   typename _UnaryPredicate>
        -:  214:    _GLIBCXX20_CONSTEXPR
        -:  215:    _ForwardIterator
        -:  216:    __search_n(_ForwardIterator __first, _ForwardIterator __last,
        -:  217:	       _Integer __count,
        -:  218:	       _UnaryPredicate __unary_pred)
        -:  219:    {
        -:  220:      if (__count <= 0)
        -:  221:	return __first;
        -:  222:
        -:  223:      if (__count == 1)
        -:  224:	return std::__find_if(__first, __last, __unary_pred);
        -:  225:
        -:  226:      return std::__search_n_aux(__first, __last, __count, __unary_pred,
        -:  227:				 std::__iterator_category(__first));
        -:  228:    }
        -:  229:
        -:  230:  // find_end for forward iterators.
        -:  231:  template<typename _ForwardIterator1, typename _ForwardIterator2,
        -:  232:	   typename _BinaryPredicate>
        -:  233:    _GLIBCXX20_CONSTEXPR
        -:  234:    _ForwardIterator1
        -:  235:    __find_end(_ForwardIterator1 __first1, _ForwardIterator1 __last1,
        -:  236:	       _ForwardIterator2 __first2, _ForwardIterator2 __last2,
        -:  237:	       forward_iterator_tag, forward_iterator_tag,
        -:  238:	       _BinaryPredicate __comp)
        -:  239:    {
        -:  240:      if (__first2 == __last2)
        -:  241:	return __last1;
        -:  242:
        -:  243:      _ForwardIterator1 __result = __last1;
        -:  244:      while (1)
        -:  245:	{
        -:  246:	  _ForwardIterator1 __new_result
        -:  247:	    = std::__search(__first1, __last1, __first2, __last2, __comp);
        -:  248:	  if (__new_result == __last1)
        -:  249:	    return __result;
        -:  250:	  else
        -:  251:	    {
        -:  252:	      __result = __new_result;
        -:  253:	      __first1 = __new_result;
        -:  254:	      ++__first1;
        -:  255:	    }
        -:  256:	}
        -:  257:    }
        -:  258:
        -:  259:  // find_end for bidirectional iterators (much faster).
        -:  260:  template<typename _BidirectionalIterator1, typename _BidirectionalIterator2,
        -:  261:	   typename _BinaryPredicate>
        -:  262:    _GLIBCXX20_CONSTEXPR
        -:  263:    _BidirectionalIterator1
        -:  264:    __find_end(_BidirectionalIterator1 __first1,
        -:  265:	       _BidirectionalIterator1 __last1,
        -:  266:	       _BidirectionalIterator2 __first2,
        -:  267:	       _BidirectionalIterator2 __last2,
        -:  268:	       bidirectional_iterator_tag, bidirectional_iterator_tag,
        -:  269:	       _BinaryPredicate __comp)
        -:  270:    {
        -:  271:      // concept requirements
        -:  272:      __glibcxx_function_requires(_BidirectionalIteratorConcept<
        -:  273:				  _BidirectionalIterator1>)
        -:  274:      __glibcxx_function_requires(_BidirectionalIteratorConcept<
        -:  275:				  _BidirectionalIterator2>)
        -:  276:
        -:  277:      typedef reverse_iterator<_BidirectionalIterator1> _RevIterator1;
        -:  278:      typedef reverse_iterator<_BidirectionalIterator2> _RevIterator2;
        -:  279:
        -:  280:      _RevIterator1 __rlast1(__first1);
        -:  281:      _RevIterator2 __rlast2(__first2);
        -:  282:      _RevIterator1 __rresult = std::__search(_RevIterator1(__last1), __rlast1,
        -:  283:					      _RevIterator2(__last2), __rlast2,
        -:  284:					      __comp);
        -:  285:
        -:  286:      if (__rresult == __rlast1)
        -:  287:	return __last1;
        -:  288:      else
        -:  289:	{
        -:  290:	  _BidirectionalIterator1 __result = __rresult.base();
        -:  291:	  std::advance(__result, -std::distance(__first2, __last2));
        -:  292:	  return __result;
        -:  293:	}
        -:  294:    }
        -:  295:
        -:  296:  /**
        -:  297:   *  @brief  Find last matching subsequence in a sequence.
        -:  298:   *  @ingroup non_mutating_algorithms
        -:  299:   *  @param  __first1  Start of range to search.
        -:  300:   *  @param  __last1   End of range to search.
        -:  301:   *  @param  __first2  Start of sequence to match.
        -:  302:   *  @param  __last2   End of sequence to match.
        -:  303:   *  @return   The last iterator @c i in the range
        -:  304:   *  @p [__first1,__last1-(__last2-__first2)) such that @c *(i+N) ==
        -:  305:   *  @p *(__first2+N) for each @c N in the range @p
        -:  306:   *  [0,__last2-__first2), or @p __last1 if no such iterator exists.
        -:  307:   *
        -:  308:   *  Searches the range @p [__first1,__last1) for a sub-sequence that
        -:  309:   *  compares equal value-by-value with the sequence given by @p
        -:  310:   *  [__first2,__last2) and returns an iterator to the __first
        -:  311:   *  element of the sub-sequence, or @p __last1 if the sub-sequence
        -:  312:   *  is not found.  The sub-sequence will be the last such
        -:  313:   *  subsequence contained in [__first1,__last1).
        -:  314:   *
        -:  315:   *  Because the sub-sequence must lie completely within the range @p
        -:  316:   *  [__first1,__last1) it must start at a position less than @p
        -:  317:   *  __last1-(__last2-__first2) where @p __last2-__first2 is the
        -:  318:   *  length of the sub-sequence.  This means that the returned
        -:  319:   *  iterator @c i will be in the range @p
        -:  320:   *  [__first1,__last1-(__last2-__first2))
        -:  321:  */
        -:  322:  template<typename _ForwardIterator1, typename _ForwardIterator2>
        -:  323:    _GLIBCXX_NODISCARD _GLIBCXX20_CONSTEXPR
        -:  324:    inline _ForwardIterator1
        -:  325:    find_end(_ForwardIterator1 __first1, _ForwardIterator1 __last1,
        -:  326:	     _ForwardIterator2 __first2, _ForwardIterator2 __last2)
        -:  327:    {
        -:  328:      // concept requirements
        -:  329:      __glibcxx_function_requires(_ForwardIteratorConcept<_ForwardIterator1>)
        -:  330:      __glibcxx_function_requires(_ForwardIteratorConcept<_ForwardIterator2>)
        -:  331:      __glibcxx_function_requires(_EqualOpConcept<
        -:  332:	    typename iterator_traits<_ForwardIterator1>::value_type,
        -:  333:	    typename iterator_traits<_ForwardIterator2>::value_type>)
        -:  334:      __glibcxx_requires_valid_range(__first1, __last1);
        -:  335:      __glibcxx_requires_valid_range(__first2, __last2);
        -:  336:
        -:  337:      return std::__find_end(__first1, __last1, __first2, __last2,
        -:  338:			     std::__iterator_category(__first1),
        -:  339:			     std::__iterator_category(__first2),
        -:  340:			     __gnu_cxx::__ops::__iter_equal_to_iter());
        -:  341:    }
        -:  342:
        -:  343:  /**
        -:  344:   *  @brief  Find last matching subsequence in a sequence using a predicate.
        -:  345:   *  @ingroup non_mutating_algorithms
        -:  346:   *  @param  __first1  Start of range to search.
        -:  347:   *  @param  __last1   End of range to search.
        -:  348:   *  @param  __first2  Start of sequence to match.
        -:  349:   *  @param  __last2   End of sequence to match.
        -:  350:   *  @param  __comp    The predicate to use.
        -:  351:   *  @return The last iterator @c i in the range @p
        -:  352:   *  [__first1,__last1-(__last2-__first2)) such that @c
        -:  353:   *  predicate(*(i+N), @p (__first2+N)) is true for each @c N in the
        -:  354:   *  range @p [0,__last2-__first2), or @p __last1 if no such iterator
        -:  355:   *  exists.
        -:  356:   *
        -:  357:   *  Searches the range @p [__first1,__last1) for a sub-sequence that
        -:  358:   *  compares equal value-by-value with the sequence given by @p
        -:  359:   *  [__first2,__last2) using comp as a predicate and returns an
        -:  360:   *  iterator to the first element of the sub-sequence, or @p __last1
        -:  361:   *  if the sub-sequence is not found.  The sub-sequence will be the
        -:  362:   *  last such subsequence contained in [__first,__last1).
        -:  363:   *
        -:  364:   *  Because the sub-sequence must lie completely within the range @p
        -:  365:   *  [__first1,__last1) it must start at a position less than @p
        -:  366:   *  __last1-(__last2-__first2) where @p __last2-__first2 is the
        -:  367:   *  length of the sub-sequence.  This means that the returned
        -:  368:   *  iterator @c i will be in the range @p
        -:  369:   *  [__first1,__last1-(__last2-__first2))
        -:  370:  */
        -:  371:  template<typename _ForwardIterator1, typename _ForwardIterator2,
        -:  372:	   typename _BinaryPredicate>
        -:  373:    _GLIBCXX_NODISCARD _GLIBCXX20_CONSTEXPR
        -:  374:    inline _ForwardIterator1
        -:  375:    find_end(_ForwardIterator1 __first1, _ForwardIterator1 __last1,
        -:  376:	     _ForwardIterator2 __first2, _ForwardIterator2 __last2,
        -:  377:	     _BinaryPredicate __comp)
        -:  378:    {
        -:  379:      // concept requirements
        -:  380:      __glibcxx_function_requires(_ForwardIteratorConcept<_ForwardIterator1>)
        -:  381:      __glibcxx_function_requires(_ForwardIteratorConcept<_ForwardIterator2>)
        -:  382:      __glibcxx_function_requires(_BinaryPredicateConcept<_BinaryPredicate,
        -:  383:	    typename iterator_traits<_ForwardIterator1>::value_type,
        -:  384:	    typename iterator_traits<_ForwardIterator2>::value_type>)
        -:  385:      __glibcxx_requires_valid_range(__first1, __last1);
        -:  386:      __glibcxx_requires_valid_range(__first2, __last2);
        -:  387:
        -:  388:      return std::__find_end(__first1, __last1, __first2, __last2,
        -:  389:			     std::__iterator_category(__first1),
        -:  390:			     std::__iterator_category(__first2),
        -:  391:			     __gnu_cxx::__ops::__iter_comp_iter(__comp));
        -:  392:    }
        -:  393:
        -:  394:#if __cplusplus >= 201103L
        -:  395:  /**
        -:  396:   *  @brief  Checks that a predicate is true for all the elements
        -:  397:   *          of a sequence.
        -:  398:   *  @ingroup non_mutating_algorithms
        -:  399:   *  @param  __first   An input iterator.
        -:  400:   *  @param  __last    An input iterator.
        -:  401:   *  @param  __pred    A predicate.
        -:  402:   *  @return  True if the check is true, false otherwise.
        -:  403:   *
        -:  404:   *  Returns true if @p __pred is true for each element in the range
        -:  405:   *  @p [__first,__last), and false otherwise.
        -:  406:  */
        -:  407:  template<typename _InputIterator, typename _Predicate>
        -:  408:    _GLIBCXX_NODISCARD _GLIBCXX20_CONSTEXPR
        -:  409:    inline bool
        -:  410:    all_of(_InputIterator __first, _InputIterator __last, _Predicate __pred)
        -:  411:    { return __last == std::find_if_not(__first, __last, __pred); }
        -:  412:
        -:  413:  /**
        -:  414:   *  @brief  Checks that a predicate is false for all the elements
        -:  415:   *          of a sequence.
        -:  416:   *  @ingroup non_mutating_algorithms
        -:  417:   *  @param  __first   An input iterator.
        -:  418:   *  @param  __last    An input iterator.
        -:  419:   *  @param  __pred    A predicate.
        -:  420:   *  @return  True if the check is true, false otherwise.
        -:  421:   *
        -:  422:   *  Returns true if @p __pred is false for each element in the range
        -:  423:   *  @p [__first,__last), and false otherwise.
        -:  424:  */
        -:  425:  template<typename _InputIterator, typename _Predicate>
        -:  426:    _GLIBCXX_NODISCARD _GLIBCXX20_CONSTEXPR
        -:  427:    inline bool
        -:  428:    none_of(_InputIterator __first, _InputIterator __last, _Predicate __pred)
        -:  429:    { return __last == _GLIBCXX_STD_A::find_if(__first, __last, __pred); }
        -:  430:
        -:  431:  /**
        -:  432:   *  @brief  Checks that a predicate is true for at least one element
        -:  433:   *          of a sequence.
        -:  434:   *  @ingroup non_mutating_algorithms
        -:  435:   *  @param  __first   An input iterator.
        -:  436:   *  @param  __last    An input iterator.
        -:  437:   *  @param  __pred    A predicate.
        -:  438:   *  @return  True if the check is true, false otherwise.
        -:  439:   *
        -:  440:   *  Returns true if an element exists in the range @p
        -:  441:   *  [__first,__last) such that @p __pred is true, and false
        -:  442:   *  otherwise.
        -:  443:  */
        -:  444:  template<typename _InputIterator, typename _Predicate>
        -:  445:    _GLIBCXX_NODISCARD _GLIBCXX20_CONSTEXPR
        -:  446:    inline bool
        -:  447:    any_of(_InputIterator __first, _InputIterator __last, _Predicate __pred)
        -:  448:    { return !std::none_of(__first, __last, __pred); }
        -:  449:
        -:  450:  /**
        -:  451:   *  @brief  Find the first element in a sequence for which a
        -:  452:   *          predicate is false.
        -:  453:   *  @ingroup non_mutating_algorithms
        -:  454:   *  @param  __first  An input iterator.
        -:  455:   *  @param  __last   An input iterator.
        -:  456:   *  @param  __pred   A predicate.
        -:  457:   *  @return   The first iterator @c i in the range @p [__first,__last)
        -:  458:   *  such that @p __pred(*i) is false, or @p __last if no such iterator exists.
        -:  459:  */
        -:  460:  template<typename _InputIterator, typename _Predicate>
        -:  461:    _GLIBCXX_NODISCARD _GLIBCXX20_CONSTEXPR
        -:  462:    inline _InputIterator
        -:  463:    find_if_not(_InputIterator __first, _InputIterator __last,
        -:  464:		_Predicate __pred)
        -:  465:    {
        -:  466:      // concept requirements
        -:  467:      __glibcxx_function_requires(_InputIteratorConcept<_InputIterator>)
        -:  468:      __glibcxx_function_requires(_UnaryPredicateConcept<_Predicate,
        -:  469:	      typename iterator_traits<_InputIterator>::value_type>)
        -:  470:      __glibcxx_requires_valid_range(__first, __last);
        -:  471:      return std::__find_if_not(__first, __last,
        -:  472:				__gnu_cxx::__ops::__pred_iter(__pred));
        -:  473:    }
        -:  474:
        -:  475:  /**
        -:  476:   *  @brief  Checks whether the sequence is partitioned.
        -:  477:   *  @ingroup mutating_algorithms
        -:  478:   *  @param  __first  An input iterator.
        -:  479:   *  @param  __last   An input iterator.
        -:  480:   *  @param  __pred   A predicate.
        -:  481:   *  @return  True if the range @p [__first,__last) is partioned by @p __pred,
        -:  482:   *  i.e. if all elements that satisfy @p __pred appear before those that
        -:  483:   *  do not.
        -:  484:  */
        -:  485:  template<typename _InputIterator, typename _Predicate>
        -:  486:    _GLIBCXX_NODISCARD _GLIBCXX20_CONSTEXPR
        -:  487:    inline bool
        -:  488:    is_partitioned(_InputIterator __first, _InputIterator __last,
        -:  489:		   _Predicate __pred)
        -:  490:    {
        -:  491:      __first = std::find_if_not(__first, __last, __pred);
        -:  492:      if (__first == __last)
        -:  493:	return true;
        -:  494:      ++__first;
        -:  495:      return std::none_of(__first, __last, __pred);
        -:  496:    }
        -:  497:
        -:  498:  /**
        -:  499:   *  @brief  Find the partition point of a partitioned range.
        -:  500:   *  @ingroup mutating_algorithms
        -:  501:   *  @param  __first   An iterator.
        -:  502:   *  @param  __last    Another iterator.
        -:  503:   *  @param  __pred    A predicate.
        -:  504:   *  @return  An iterator @p mid such that @p all_of(__first, mid, __pred)
        -:  505:   *           and @p none_of(mid, __last, __pred) are both true.
        -:  506:  */
        -:  507:  template<typename _ForwardIterator, typename _Predicate>
        -:  508:    _GLIBCXX_NODISCARD _GLIBCXX20_CONSTEXPR
        -:  509:    _ForwardIterator
        -:  510:    partition_point(_ForwardIterator __first, _ForwardIterator __last,
        -:  511:		    _Predicate __pred)
        -:  512:    {
        -:  513:      // concept requirements
        -:  514:      __glibcxx_function_requires(_ForwardIteratorConcept<_ForwardIterator>)
        -:  515:      __glibcxx_function_requires(_UnaryPredicateConcept<_Predicate,
        -:  516:	      typename iterator_traits<_ForwardIterator>::value_type>)
        -:  517:
        -:  518:      // A specific debug-mode test will be necessary...
        -:  519:      __glibcxx_requires_valid_range(__first, __last);
        -:  520:
        -:  521:      typedef typename iterator_traits<_ForwardIterator>::difference_type
        -:  522:	_DistanceType;
        -:  523:
        -:  524:      _DistanceType __len = std::distance(__first, __last);
        -:  525:
        -:  526:      while (__len > 0)
        -:  527:	{
        -:  528:	  _DistanceType __half = __len >> 1;
        -:  529:	  _ForwardIterator __middle = __first;
        -:  530:	  std::advance(__middle, __half);
        -:  531:	  if (__pred(*__middle))
        -:  532:	    {
        -:  533:	      __first = __middle;
        -:  534:	      ++__first;
        -:  535:	      __len = __len - __half - 1;
        -:  536:	    }
        -:  537:	  else
        -:  538:	    __len = __half;
        -:  539:	}
        -:  540:      return __first;
        -:  541:    }
        -:  542:#endif
        -:  543:
        -:  544:  template<typename _InputIterator, typename _OutputIterator,
        -:  545:	   typename _Predicate>
        -:  546:    _GLIBCXX20_CONSTEXPR
        -:  547:    _OutputIterator
        -:  548:    __remove_copy_if(_InputIterator __first, _InputIterator __last,
        -:  549:		     _OutputIterator __result, _Predicate __pred)
        -:  550:    {
        -:  551:      for (; __first != __last; ++__first)
        -:  552:	if (!__pred(__first))
        -:  553:	  {
        -:  554:	    *__result = *__first;
        -:  555:	    ++__result;
        -:  556:	  }
        -:  557:      return __result;
        -:  558:    }
        -:  559:
        -:  560:  /**
        -:  561:   *  @brief Copy a sequence, removing elements of a given value.
        -:  562:   *  @ingroup mutating_algorithms
        -:  563:   *  @param  __first   An input iterator.
        -:  564:   *  @param  __last    An input iterator.
        -:  565:   *  @param  __result  An output iterator.
        -:  566:   *  @param  __value   The value to be removed.
        -:  567:   *  @return   An iterator designating the end of the resulting sequence.
        -:  568:   *
        -:  569:   *  Copies each element in the range @p [__first,__last) not equal
        -:  570:   *  to @p __value to the range beginning at @p __result.
        -:  571:   *  remove_copy() is stable, so the relative order of elements that
        -:  572:   *  are copied is unchanged.
        -:  573:  */
        -:  574:  template<typename _InputIterator, typename _OutputIterator, typename _Tp>
        -:  575:    _GLIBCXX20_CONSTEXPR
        -:  576:    inline _OutputIterator
        -:  577:    remove_copy(_InputIterator __first, _InputIterator __last,
        -:  578:		_OutputIterator __result, const _Tp& __value)
        -:  579:    {
        -:  580:      // concept requirements
        -:  581:      __glibcxx_function_requires(_InputIteratorConcept<_InputIterator>)
        -:  582:      __glibcxx_function_requires(_OutputIteratorConcept<_OutputIterator,
        -:  583:	    typename iterator_traits<_InputIterator>::value_type>)
        -:  584:      __glibcxx_function_requires(_EqualOpConcept<
        -:  585:	    typename iterator_traits<_InputIterator>::value_type, _Tp>)
        -:  586:      __glibcxx_requires_valid_range(__first, __last);
        -:  587:
        -:  588:      return std::__remove_copy_if(__first, __last, __result,
        -:  589:	__gnu_cxx::__ops::__iter_equals_val(__value));
        -:  590:    }
        -:  591:
        -:  592:  /**
        -:  593:   *  @brief Copy a sequence, removing elements for which a predicate is true.
        -:  594:   *  @ingroup mutating_algorithms
        -:  595:   *  @param  __first   An input iterator.
        -:  596:   *  @param  __last    An input iterator.
        -:  597:   *  @param  __result  An output iterator.
        -:  598:   *  @param  __pred    A predicate.
        -:  599:   *  @return   An iterator designating the end of the resulting sequence.
        -:  600:   *
        -:  601:   *  Copies each element in the range @p [__first,__last) for which
        -:  602:   *  @p __pred returns false to the range beginning at @p __result.
        -:  603:   *
        -:  604:   *  remove_copy_if() is stable, so the relative order of elements that are
        -:  605:   *  copied is unchanged.
        -:  606:  */
        -:  607:  template<typename _InputIterator, typename _OutputIterator,
        -:  608:	   typename _Predicate>
        -:  609:    _GLIBCXX20_CONSTEXPR
        -:  610:    inline _OutputIterator
        -:  611:    remove_copy_if(_InputIterator __first, _InputIterator __last,
        -:  612:		   _OutputIterator __result, _Predicate __pred)
        -:  613:    {
        -:  614:      // concept requirements
        -:  615:      __glibcxx_function_requires(_InputIteratorConcept<_InputIterator>)
        -:  616:      __glibcxx_function_requires(_OutputIteratorConcept<_OutputIterator,
        -:  617:	    typename iterator_traits<_InputIterator>::value_type>)
        -:  618:      __glibcxx_function_requires(_UnaryPredicateConcept<_Predicate,
        -:  619:	    typename iterator_traits<_InputIterator>::value_type>)
        -:  620:      __glibcxx_requires_valid_range(__first, __last);
        -:  621:
        -:  622:      return std::__remove_copy_if(__first, __last, __result,
        -:  623:				   __gnu_cxx::__ops::__pred_iter(__pred));
        -:  624:    }
        -:  625:
        -:  626:#if __cplusplus >= 201103L
        -:  627:  /**
        -:  628:   *  @brief Copy the elements of a sequence for which a predicate is true.
        -:  629:   *  @ingroup mutating_algorithms
        -:  630:   *  @param  __first   An input iterator.
        -:  631:   *  @param  __last    An input iterator.
        -:  632:   *  @param  __result  An output iterator.
        -:  633:   *  @param  __pred    A predicate.
        -:  634:   *  @return   An iterator designating the end of the resulting sequence.
        -:  635:   *
        -:  636:   *  Copies each element in the range @p [__first,__last) for which
        -:  637:   *  @p __pred returns true to the range beginning at @p __result.
        -:  638:   *
        -:  639:   *  copy_if() is stable, so the relative order of elements that are
        -:  640:   *  copied is unchanged.
        -:  641:  */
        -:  642:  template<typename _InputIterator, typename _OutputIterator,
        -:  643:	   typename _Predicate>
        -:  644:    _GLIBCXX20_CONSTEXPR
        -:  645:    _OutputIterator
        -:  646:    copy_if(_InputIterator __first, _InputIterator __last,
        -:  647:	    _OutputIterator __result, _Predicate __pred)
        -:  648:    {
        -:  649:      // concept requirements
        -:  650:      __glibcxx_function_requires(_InputIteratorConcept<_InputIterator>)
        -:  651:      __glibcxx_function_requires(_OutputIteratorConcept<_OutputIterator,
        -:  652:	    typename iterator_traits<_InputIterator>::value_type>)
        -:  653:      __glibcxx_function_requires(_UnaryPredicateConcept<_Predicate,
        -:  654:	    typename iterator_traits<_InputIterator>::value_type>)
        -:  655:      __glibcxx_requires_valid_range(__first, __last);
        -:  656:
        -:  657:      for (; __first != __last; ++__first)
        -:  658:	if (__pred(*__first))
        -:  659:	  {
        -:  660:	    *__result = *__first;
        -:  661:	    ++__result;
        -:  662:	  }
        -:  663:      return __result;
        -:  664:    }
        -:  665:
        -:  666:  template<typename _InputIterator, typename _Size, typename _OutputIterator>
        -:  667:    _GLIBCXX20_CONSTEXPR
        -:  668:    _OutputIterator
        -:  669:    __copy_n(_InputIterator __first, _Size __n,
        -:  670:	     _OutputIterator __result, input_iterator_tag)
        -:  671:    {
        -:  672:      return std::__niter_wrap(__result,
        -:  673:			       __copy_n_a(__first, __n,
        -:  674:					  std::__niter_base(__result), true));
        -:  675:    }
        -:  676:
        -:  677:  template<typename _RandomAccessIterator, typename _Size,
        -:  678:	   typename _OutputIterator>
        -:  679:    _GLIBCXX20_CONSTEXPR
        -:  680:    inline _OutputIterator
        -:  681:    __copy_n(_RandomAccessIterator __first, _Size __n,
        -:  682:	     _OutputIterator __result, random_access_iterator_tag)
        -:  683:    { return std::copy(__first, __first + __n, __result); }
        -:  684:
        -:  685:  /**
        -:  686:   *  @brief Copies the range [first,first+n) into [result,result+n).
        -:  687:   *  @ingroup mutating_algorithms
        -:  688:   *  @param  __first  An input iterator.
        -:  689:   *  @param  __n      The number of elements to copy.
        -:  690:   *  @param  __result An output iterator.
        -:  691:   *  @return  result+n.
        -:  692:   *
        -:  693:   *  This inline function will boil down to a call to @c memmove whenever
        -:  694:   *  possible.  Failing that, if random access iterators are passed, then the
        -:  695:   *  loop count will be known (and therefore a candidate for compiler
        -:  696:   *  optimizations such as unrolling).
        -:  697:  */
        -:  698:  template<typename _InputIterator, typename _Size, typename _OutputIterator>
        -:  699:    _GLIBCXX20_CONSTEXPR
        -:  700:    inline _OutputIterator
        -:  701:    copy_n(_InputIterator __first, _Size __n, _OutputIterator __result)
        -:  702:    {
        -:  703:      // concept requirements
        -:  704:      __glibcxx_function_requires(_InputIteratorConcept<_InputIterator>)
        -:  705:      __glibcxx_function_requires(_OutputIteratorConcept<_OutputIterator,
        -:  706:	    typename iterator_traits<_InputIterator>::value_type>)
        -:  707:
        -:  708:      const auto __n2 = std::__size_to_integer(__n);
        -:  709:      if (__n2 <= 0)
        -:  710:	return __result;
        -:  711:
        -:  712:      __glibcxx_requires_can_increment(__first, __n2);
        -:  713:      __glibcxx_requires_can_increment(__result, __n2);
        -:  714:
        -:  715:      return std::__copy_n(__first, __n2, __result,
        -:  716:			   std::__iterator_category(__first));
        -:  717:    }
        -:  718:
        -:  719:  /**
        -:  720:   *  @brief Copy the elements of a sequence to separate output sequences
        -:  721:   *         depending on the truth value of a predicate.
        -:  722:   *  @ingroup mutating_algorithms
        -:  723:   *  @param  __first   An input iterator.
        -:  724:   *  @param  __last    An input iterator.
        -:  725:   *  @param  __out_true   An output iterator.
        -:  726:   *  @param  __out_false  An output iterator.
        -:  727:   *  @param  __pred    A predicate.
        -:  728:   *  @return   A pair designating the ends of the resulting sequences.
        -:  729:   *
        -:  730:   *  Copies each element in the range @p [__first,__last) for which
        -:  731:   *  @p __pred returns true to the range beginning at @p out_true
        -:  732:   *  and each element for which @p __pred returns false to @p __out_false.
        -:  733:  */
        -:  734:  template<typename _InputIterator, typename _OutputIterator1,
        -:  735:	   typename _OutputIterator2, typename _Predicate>
        -:  736:    _GLIBCXX20_CONSTEXPR
        -:  737:    pair<_OutputIterator1, _OutputIterator2>
        -:  738:    partition_copy(_InputIterator __first, _InputIterator __last,
        -:  739:		   _OutputIterator1 __out_true, _OutputIterator2 __out_false,
        -:  740:		   _Predicate __pred)
        -:  741:    {
        -:  742:      // concept requirements
        -:  743:      __glibcxx_function_requires(_InputIteratorConcept<_InputIterator>)
        -:  744:      __glibcxx_function_requires(_OutputIteratorConcept<_OutputIterator1,
        -:  745:	    typename iterator_traits<_InputIterator>::value_type>)
        -:  746:      __glibcxx_function_requires(_OutputIteratorConcept<_OutputIterator2,
        -:  747:	    typename iterator_traits<_InputIterator>::value_type>)
        -:  748:      __glibcxx_function_requires(_UnaryPredicateConcept<_Predicate,
        -:  749:	    typename iterator_traits<_InputIterator>::value_type>)
        -:  750:      __glibcxx_requires_valid_range(__first, __last);
        -:  751:      
        -:  752:      for (; __first != __last; ++__first)
        -:  753:	if (__pred(*__first))
        -:  754:	  {
        -:  755:	    *__out_true = *__first;
        -:  756:	    ++__out_true;
        -:  757:	  }
        -:  758:	else
        -:  759:	  {
        -:  760:	    *__out_false = *__first;
        -:  761:	    ++__out_false;
        -:  762:	  }
        -:  763:
        -:  764:      return pair<_OutputIterator1, _OutputIterator2>(__out_true, __out_false);
        -:  765:    }
        -:  766:#endif // C++11
        -:  767:
        -:  768:  /**
        -:  769:   *  @brief Remove elements from a sequence.
        -:  770:   *  @ingroup mutating_algorithms
        -:  771:   *  @param  __first  An input iterator.
        -:  772:   *  @param  __last   An input iterator.
        -:  773:   *  @param  __value  The value to be removed.
        -:  774:   *  @return   An iterator designating the end of the resulting sequence.
        -:  775:   *
        -:  776:   *  All elements equal to @p __value are removed from the range
        -:  777:   *  @p [__first,__last).
        -:  778:   *
        -:  779:   *  remove() is stable, so the relative order of elements that are
        -:  780:   *  not removed is unchanged.
        -:  781:   *
        -:  782:   *  Elements between the end of the resulting sequence and @p __last
        -:  783:   *  are still present, but their value is unspecified.
        -:  784:  */
        -:  785:  template<typename _ForwardIterator, typename _Tp>
        -:  786:    _GLIBCXX_NODISCARD _GLIBCXX20_CONSTEXPR
        -:  787:    inline _ForwardIterator
        -:  788:    remove(_ForwardIterator __first, _ForwardIterator __last,
        -:  789:	   const _Tp& __value)
        -:  790:    {
        -:  791:      // concept requirements
        -:  792:      __glibcxx_function_requires(_Mutable_ForwardIteratorConcept<
        -:  793:				  _ForwardIterator>)
        -:  794:      __glibcxx_function_requires(_EqualOpConcept<
        -:  795:	    typename iterator_traits<_ForwardIterator>::value_type, _Tp>)
        -:  796:      __glibcxx_requires_valid_range(__first, __last);
        -:  797:
        -:  798:      return std::__remove_if(__first, __last,
        -:  799:		__gnu_cxx::__ops::__iter_equals_val(__value));
        -:  800:    }
        -:  801:
        -:  802:  /**
        -:  803:   *  @brief Remove elements from a sequence using a predicate.
        -:  804:   *  @ingroup mutating_algorithms
        -:  805:   *  @param  __first  A forward iterator.
        -:  806:   *  @param  __last   A forward iterator.
        -:  807:   *  @param  __pred   A predicate.
        -:  808:   *  @return   An iterator designating the end of the resulting sequence.
        -:  809:   *
        -:  810:   *  All elements for which @p __pred returns true are removed from the range
        -:  811:   *  @p [__first,__last).
        -:  812:   *
        -:  813:   *  remove_if() is stable, so the relative order of elements that are
        -:  814:   *  not removed is unchanged.
        -:  815:   *
        -:  816:   *  Elements between the end of the resulting sequence and @p __last
        -:  817:   *  are still present, but their value is unspecified.
        -:  818:  */
        -:  819:  template<typename _ForwardIterator, typename _Predicate>
        -:  820:    _GLIBCXX_NODISCARD _GLIBCXX20_CONSTEXPR
        -:  821:    inline _ForwardIterator
        -:  822:    remove_if(_ForwardIterator __first, _ForwardIterator __last,
        -:  823:	      _Predicate __pred)
        -:  824:    {
        -:  825:      // concept requirements
        -:  826:      __glibcxx_function_requires(_Mutable_ForwardIteratorConcept<
        -:  827:				  _ForwardIterator>)
        -:  828:      __glibcxx_function_requires(_UnaryPredicateConcept<_Predicate,
        -:  829:	    typename iterator_traits<_ForwardIterator>::value_type>)
        -:  830:      __glibcxx_requires_valid_range(__first, __last);
        -:  831:
        -:  832:      return std::__remove_if(__first, __last,
        -:  833:			      __gnu_cxx::__ops::__pred_iter(__pred));
        -:  834:    }
        -:  835:
        -:  836:  template<typename _ForwardIterator, typename _BinaryPredicate>
        -:  837:    _GLIBCXX20_CONSTEXPR
        -:  838:    _ForwardIterator
        -:  839:    __adjacent_find(_ForwardIterator __first, _ForwardIterator __last,
        -:  840:		    _BinaryPredicate __binary_pred)
        -:  841:    {
        -:  842:      if (__first == __last)
        -:  843:	return __last;
        -:  844:      _ForwardIterator __next = __first;
        -:  845:      while (++__next != __last)
        -:  846:	{
        -:  847:	  if (__binary_pred(__first, __next))
        -:  848:	    return __first;
        -:  849:	  __first = __next;
        -:  850:	}
        -:  851:      return __last;
        -:  852:    }
        -:  853:
        -:  854:  template<typename _ForwardIterator, typename _BinaryPredicate>
        -:  855:    _GLIBCXX20_CONSTEXPR
        -:  856:    _ForwardIterator
        -:  857:    __unique(_ForwardIterator __first, _ForwardIterator __last,
        -:  858:	     _BinaryPredicate __binary_pred)
        -:  859:    {
        -:  860:      // Skip the beginning, if already unique.
        -:  861:      __first = std::__adjacent_find(__first, __last, __binary_pred);
        -:  862:      if (__first == __last)
        -:  863:	return __last;
        -:  864:
        -:  865:      // Do the real copy work.
        -:  866:      _ForwardIterator __dest = __first;
        -:  867:      ++__first;
        -:  868:      while (++__first != __last)
        -:  869:	if (!__binary_pred(__dest, __first))
        -:  870:	  *++__dest = _GLIBCXX_MOVE(*__first);
        -:  871:      return ++__dest;
        -:  872:    }
        -:  873:
        -:  874:  /**
        -:  875:   *  @brief Remove consecutive duplicate values from a sequence.
        -:  876:   *  @ingroup mutating_algorithms
        -:  877:   *  @param  __first  A forward iterator.
        -:  878:   *  @param  __last   A forward iterator.
        -:  879:   *  @return  An iterator designating the end of the resulting sequence.
        -:  880:   *
        -:  881:   *  Removes all but the first element from each group of consecutive
        -:  882:   *  values that compare equal.
        -:  883:   *  unique() is stable, so the relative order of elements that are
        -:  884:   *  not removed is unchanged.
        -:  885:   *  Elements between the end of the resulting sequence and @p __last
        -:  886:   *  are still present, but their value is unspecified.
        -:  887:  */
        -:  888:  template<typename _ForwardIterator>
        -:  889:    _GLIBCXX_NODISCARD _GLIBCXX20_CONSTEXPR
        -:  890:    inline _ForwardIterator
        -:  891:    unique(_ForwardIterator __first, _ForwardIterator __last)
        -:  892:    {
        -:  893:      // concept requirements
        -:  894:      __glibcxx_function_requires(_Mutable_ForwardIteratorConcept<
        -:  895:				  _ForwardIterator>)
        -:  896:      __glibcxx_function_requires(_EqualityComparableConcept<
        -:  897:		     typename iterator_traits<_ForwardIterator>::value_type>)
        -:  898:      __glibcxx_requires_valid_range(__first, __last);
        -:  899:
        -:  900:      return std::__unique(__first, __last,
        -:  901:			   __gnu_cxx::__ops::__iter_equal_to_iter());
        -:  902:    }
        -:  903:
        -:  904:  /**
        -:  905:   *  @brief Remove consecutive values from a sequence using a predicate.
        -:  906:   *  @ingroup mutating_algorithms
        -:  907:   *  @param  __first        A forward iterator.
        -:  908:   *  @param  __last         A forward iterator.
        -:  909:   *  @param  __binary_pred  A binary predicate.
        -:  910:   *  @return  An iterator designating the end of the resulting sequence.
        -:  911:   *
        -:  912:   *  Removes all but the first element from each group of consecutive
        -:  913:   *  values for which @p __binary_pred returns true.
        -:  914:   *  unique() is stable, so the relative order of elements that are
        -:  915:   *  not removed is unchanged.
        -:  916:   *  Elements between the end of the resulting sequence and @p __last
        -:  917:   *  are still present, but their value is unspecified.
        -:  918:  */
        -:  919:  template<typename _ForwardIterator, typename _BinaryPredicate>
        -:  920:    _GLIBCXX_NODISCARD _GLIBCXX20_CONSTEXPR
        -:  921:    inline _ForwardIterator
        -:  922:    unique(_ForwardIterator __first, _ForwardIterator __last,
        -:  923:	   _BinaryPredicate __binary_pred)
        -:  924:    {
        -:  925:      // concept requirements
        -:  926:      __glibcxx_function_requires(_Mutable_ForwardIteratorConcept<
        -:  927:				  _ForwardIterator>)
        -:  928:      __glibcxx_function_requires(_BinaryPredicateConcept<_BinaryPredicate,
        -:  929:		typename iterator_traits<_ForwardIterator>::value_type,
        -:  930:		typename iterator_traits<_ForwardIterator>::value_type>)
        -:  931:      __glibcxx_requires_valid_range(__first, __last);
        -:  932:
        -:  933:      return std::__unique(__first, __last,
        -:  934:			   __gnu_cxx::__ops::__iter_comp_iter(__binary_pred));
        -:  935:    }
        -:  936:
        -:  937:  /**
        -:  938:   *  This is an uglified
        -:  939:   *  unique_copy(_InputIterator, _InputIterator, _OutputIterator,
        -:  940:   *              _BinaryPredicate)
        -:  941:   *  overloaded for forward iterators and output iterator as result.
        -:  942:  */
        -:  943:  template<typename _ForwardIterator, typename _OutputIterator,
        -:  944:	   typename _BinaryPredicate>
        -:  945:    _GLIBCXX20_CONSTEXPR
        -:  946:    _OutputIterator
        -:  947:    __unique_copy(_ForwardIterator __first, _ForwardIterator __last,
        -:  948:		  _OutputIterator __result, _BinaryPredicate __binary_pred,
        -:  949:		  forward_iterator_tag, output_iterator_tag)
        -:  950:    {
        -:  951:      // concept requirements -- iterators already checked
        -:  952:      __glibcxx_function_requires(_BinaryPredicateConcept<_BinaryPredicate,
        -:  953:	  typename iterator_traits<_ForwardIterator>::value_type,
        -:  954:	  typename iterator_traits<_ForwardIterator>::value_type>)
        -:  955:
        -:  956:      _ForwardIterator __next = __first;
        -:  957:      *__result = *__first;
        -:  958:      while (++__next != __last)
        -:  959:	if (!__binary_pred(__first, __next))
        -:  960:	  {
        -:  961:	    __first = __next;
        -:  962:	    *++__result = *__first;
        -:  963:	  }
        -:  964:      return ++__result;
        -:  965:    }
        -:  966:
        -:  967:  /**
        -:  968:   *  This is an uglified
        -:  969:   *  unique_copy(_InputIterator, _InputIterator, _OutputIterator,
        -:  970:   *              _BinaryPredicate)
        -:  971:   *  overloaded for input iterators and output iterator as result.
        -:  972:  */
        -:  973:  template<typename _InputIterator, typename _OutputIterator,
        -:  974:	   typename _BinaryPredicate>
        -:  975:    _GLIBCXX20_CONSTEXPR
        -:  976:    _OutputIterator
        -:  977:    __unique_copy(_InputIterator __first, _InputIterator __last,
        -:  978:		  _OutputIterator __result, _BinaryPredicate __binary_pred,
        -:  979:		  input_iterator_tag, output_iterator_tag)
        -:  980:    {
        -:  981:      // concept requirements -- iterators already checked
        -:  982:      __glibcxx_function_requires(_BinaryPredicateConcept<_BinaryPredicate,
        -:  983:	  typename iterator_traits<_InputIterator>::value_type,
        -:  984:	  typename iterator_traits<_InputIterator>::value_type>)
        -:  985:
        -:  986:      typename iterator_traits<_InputIterator>::value_type __value = *__first;
        -:  987:      __decltype(__gnu_cxx::__ops::__iter_comp_val(__binary_pred))
        -:  988:	__rebound_pred
        -:  989:	= __gnu_cxx::__ops::__iter_comp_val(__binary_pred);
        -:  990:      *__result = __value;
        -:  991:      while (++__first != __last)
        -:  992:	if (!__rebound_pred(__first, __value))
        -:  993:	  {
        -:  994:	    __value = *__first;
        -:  995:	    *++__result = __value;
        -:  996:	  }
        -:  997:      return ++__result;
        -:  998:    }
        -:  999:
        -: 1000:  /**
        -: 1001:   *  This is an uglified
        -: 1002:   *  unique_copy(_InputIterator, _InputIterator, _OutputIterator,
        -: 1003:   *              _BinaryPredicate)
        -: 1004:   *  overloaded for input iterators and forward iterator as result.
        -: 1005:  */
        -: 1006:  template<typename _InputIterator, typename _ForwardIterator,
        -: 1007:	   typename _BinaryPredicate>
        -: 1008:    _GLIBCXX20_CONSTEXPR
        -: 1009:    _ForwardIterator
        -: 1010:    __unique_copy(_InputIterator __first, _InputIterator __last,
        -: 1011:		  _ForwardIterator __result, _BinaryPredicate __binary_pred,
        -: 1012:		  input_iterator_tag, forward_iterator_tag)
        -: 1013:    {
        -: 1014:      // concept requirements -- iterators already checked
        -: 1015:      __glibcxx_function_requires(_BinaryPredicateConcept<_BinaryPredicate,
        -: 1016:	  typename iterator_traits<_ForwardIterator>::value_type,
        -: 1017:	  typename iterator_traits<_InputIterator>::value_type>)
        -: 1018:      *__result = *__first;
        -: 1019:      while (++__first != __last)
        -: 1020:	if (!__binary_pred(__result, __first))
        -: 1021:	  *++__result = *__first;
        -: 1022:      return ++__result;
        -: 1023:    }
        -: 1024:
        -: 1025:  /**
        -: 1026:   *  This is an uglified reverse(_BidirectionalIterator,
        -: 1027:   *                              _BidirectionalIterator)
        -: 1028:   *  overloaded for bidirectional iterators.
        -: 1029:  */
        -: 1030:  template<typename _BidirectionalIterator>
        -: 1031:    _GLIBCXX20_CONSTEXPR
        -: 1032:    void
        -: 1033:    __reverse(_BidirectionalIterator __first, _BidirectionalIterator __last,
        -: 1034:	      bidirectional_iterator_tag)
        -: 1035:    {
        -: 1036:      while (true)
        -: 1037:	if (__first == __last || __first == --__last)
        -: 1038:	  return;
        -: 1039:	else
        -: 1040:	  {
        -: 1041:	    std::iter_swap(__first, __last);
        -: 1042:	    ++__first;
        -: 1043:	  }
        -: 1044:    }
        -: 1045:
        -: 1046:  /**
        -: 1047:   *  This is an uglified reverse(_BidirectionalIterator,
        -: 1048:   *                              _BidirectionalIterator)
        -: 1049:   *  overloaded for random access iterators.
        -: 1050:  */
        -: 1051:  template<typename _RandomAccessIterator>
        -: 1052:    _GLIBCXX20_CONSTEXPR
        -: 1053:    void
    #####: 1054:    __reverse(_RandomAccessIterator __first, _RandomAccessIterator __last,
        -: 1055:	      random_access_iterator_tag)
        -: 1056:    {
    #####: 1057:      if (__first == __last)
    #####: 1058:	return;
    #####: 1059:      --__last;
    #####: 1060:      while (__first < __last)
        -: 1061:	{
    #####: 1062:	  std::iter_swap(__first, __last);
    #####: 1063:	  ++__first;
    #####: 1064:	  --__last;
        -: 1065:	}
        -: 1066:    }
        -: 1067:
        -: 1068:  /**
        -: 1069:   *  @brief Reverse a sequence.
        -: 1070:   *  @ingroup mutating_algorithms
        -: 1071:   *  @param  __first  A bidirectional iterator.
        -: 1072:   *  @param  __last   A bidirectional iterator.
        -: 1073:   *  @return   reverse() returns no value.
        -: 1074:   *
        -: 1075:   *  Reverses the order of the elements in the range @p [__first,__last),
        -: 1076:   *  so that the first element becomes the last etc.
        -: 1077:   *  For every @c i such that @p 0<=i<=(__last-__first)/2), @p reverse()
        -: 1078:   *  swaps @p *(__first+i) and @p *(__last-(i+1))
        -: 1079:  */
        -: 1080:  template<typename _BidirectionalIterator>
        -: 1081:    _GLIBCXX20_CONSTEXPR
        -: 1082:    inline void
    #####: 1083:    reverse(_BidirectionalIterator __first, _BidirectionalIterator __last)
        -: 1084:    {
        -: 1085:      // concept requirements
        -: 1086:      __glibcxx_function_requires(_Mutable_BidirectionalIteratorConcept<
        -: 1087:				  _BidirectionalIterator>)
        -: 1088:      __glibcxx_requires_valid_range(__first, __last);
    #####: 1089:      std::__reverse(__first, __last, std::__iterator_category(__first));
    #####: 1090:    }
        -: 1091:
        -: 1092:  /**
        -: 1093:   *  @brief Copy a sequence, reversing its elements.
        -: 1094:   *  @ingroup mutating_algorithms
        -: 1095:   *  @param  __first   A bidirectional iterator.
        -: 1096:   *  @param  __last    A bidirectional iterator.
        -: 1097:   *  @param  __result  An output iterator.
        -: 1098:   *  @return  An iterator designating the end of the resulting sequence.
        -: 1099:   *
        -: 1100:   *  Copies the elements in the range @p [__first,__last) to the
        -: 1101:   *  range @p [__result,__result+(__last-__first)) such that the
        -: 1102:   *  order of the elements is reversed.  For every @c i such that @p
        -: 1103:   *  0<=i<=(__last-__first), @p reverse_copy() performs the
        -: 1104:   *  assignment @p *(__result+(__last-__first)-1-i) = *(__first+i).
        -: 1105:   *  The ranges @p [__first,__last) and @p
        -: 1106:   *  [__result,__result+(__last-__first)) must not overlap.
        -: 1107:  */
        -: 1108:  template<typename _BidirectionalIterator, typename _OutputIterator>
        -: 1109:    _GLIBCXX20_CONSTEXPR
        -: 1110:    _OutputIterator
        -: 1111:    reverse_copy(_BidirectionalIterator __first, _BidirectionalIterator __last,
        -: 1112:		 _OutputIterator __result)
        -: 1113:    {
        -: 1114:      // concept requirements
        -: 1115:      __glibcxx_function_requires(_BidirectionalIteratorConcept<
        -: 1116:				  _BidirectionalIterator>)
        -: 1117:      __glibcxx_function_requires(_OutputIteratorConcept<_OutputIterator,
        -: 1118:		typename iterator_traits<_BidirectionalIterator>::value_type>)
        -: 1119:      __glibcxx_requires_valid_range(__first, __last);
        -: 1120:
        -: 1121:      while (__first != __last)
        -: 1122:	{
        -: 1123:	  --__last;
        -: 1124:	  *__result = *__last;
        -: 1125:	  ++__result;
        -: 1126:	}
        -: 1127:      return __result;
        -: 1128:    }
        -: 1129:
        -: 1130:  /**
        -: 1131:   *  This is a helper function for the rotate algorithm specialized on RAIs.
        -: 1132:   *  It returns the greatest common divisor of two integer values.
        -: 1133:  */
        -: 1134:  template<typename _EuclideanRingElement>
        -: 1135:    _GLIBCXX20_CONSTEXPR
        -: 1136:    _EuclideanRingElement
        -: 1137:    __gcd(_EuclideanRingElement __m, _EuclideanRingElement __n)
        -: 1138:    {
        -: 1139:      while (__n != 0)
        -: 1140:	{
        -: 1141:	  _EuclideanRingElement __t = __m % __n;
        -: 1142:	  __m = __n;
        -: 1143:	  __n = __t;
        -: 1144:	}
        -: 1145:      return __m;
        -: 1146:    }
        -: 1147:
        -: 1148:_GLIBCXX_BEGIN_INLINE_ABI_NAMESPACE(_V2)
        -: 1149:
        -: 1150:  /// This is a helper function for the rotate algorithm.
        -: 1151:  template<typename _ForwardIterator>
        -: 1152:    _GLIBCXX20_CONSTEXPR
        -: 1153:    _ForwardIterator
        -: 1154:    __rotate(_ForwardIterator __first,
        -: 1155:	     _ForwardIterator __middle,
        -: 1156:	     _ForwardIterator __last,
        -: 1157:	     forward_iterator_tag)
        -: 1158:    {
        -: 1159:      if (__first == __middle)
        -: 1160:	return __last;
        -: 1161:      else if (__last == __middle)
        -: 1162:	return __first;
        -: 1163:
        -: 1164:      _ForwardIterator __first2 = __middle;
        -: 1165:      do
        -: 1166:	{
        -: 1167:	  std::iter_swap(__first, __first2);
        -: 1168:	  ++__first;
        -: 1169:	  ++__first2;
        -: 1170:	  if (__first == __middle)
        -: 1171:	    __middle = __first2;
        -: 1172:	}
        -: 1173:      while (__first2 != __last);
        -: 1174:
        -: 1175:      _ForwardIterator __ret = __first;
        -: 1176:
        -: 1177:      __first2 = __middle;
        -: 1178:
        -: 1179:      while (__first2 != __last)
        -: 1180:	{
        -: 1181:	  std::iter_swap(__first, __first2);
        -: 1182:	  ++__first;
        -: 1183:	  ++__first2;
        -: 1184:	  if (__first == __middle)
        -: 1185:	    __middle = __first2;
        -: 1186:	  else if (__first2 == __last)
        -: 1187:	    __first2 = __middle;
        -: 1188:	}
        -: 1189:      return __ret;
        -: 1190:    }
        -: 1191:
        -: 1192:   /// This is a helper function for the rotate algorithm.
        -: 1193:  template<typename _BidirectionalIterator>
        -: 1194:    _GLIBCXX20_CONSTEXPR
        -: 1195:    _BidirectionalIterator
        -: 1196:    __rotate(_BidirectionalIterator __first,
        -: 1197:	     _BidirectionalIterator __middle,
        -: 1198:	     _BidirectionalIterator __last,
        -: 1199:	      bidirectional_iterator_tag)
        -: 1200:    {
        -: 1201:      // concept requirements
        -: 1202:      __glibcxx_function_requires(_Mutable_BidirectionalIteratorConcept<
        -: 1203:				  _BidirectionalIterator>)
        -: 1204:
        -: 1205:      if (__first == __middle)
        -: 1206:	return __last;
        -: 1207:      else if (__last == __middle)
        -: 1208:	return __first;
        -: 1209:
        -: 1210:      std::__reverse(__first,  __middle, bidirectional_iterator_tag());
        -: 1211:      std::__reverse(__middle, __last,   bidirectional_iterator_tag());
        -: 1212:
        -: 1213:      while (__first != __middle && __middle != __last)
        -: 1214:	{
        -: 1215:	  std::iter_swap(__first, --__last);
        -: 1216:	  ++__first;
        -: 1217:	}
        -: 1218:
        -: 1219:      if (__first == __middle)
        -: 1220:	{
        -: 1221:	  std::__reverse(__middle, __last,   bidirectional_iterator_tag());
        -: 1222:	  return __last;
        -: 1223:	}
        -: 1224:      else
        -: 1225:	{
        -: 1226:	  std::__reverse(__first,  __middle, bidirectional_iterator_tag());
        -: 1227:	  return __first;
        -: 1228:	}
        -: 1229:    }
        -: 1230:
        -: 1231:  /// This is a helper function for the rotate algorithm.
        -: 1232:  template<typename _RandomAccessIterator>
        -: 1233:    _GLIBCXX20_CONSTEXPR
        -: 1234:    _RandomAccessIterator
        -: 1235:    __rotate(_RandomAccessIterator __first,
        -: 1236:	     _RandomAccessIterator __middle,
        -: 1237:	     _RandomAccessIterator __last,
        -: 1238:	     random_access_iterator_tag)
        -: 1239:    {
        -: 1240:      // concept requirements
        -: 1241:      __glibcxx_function_requires(_Mutable_RandomAccessIteratorConcept<
        -: 1242:				  _RandomAccessIterator>)
        -: 1243:
        -: 1244:      if (__first == __middle)
        -: 1245:	return __last;
        -: 1246:      else if (__last == __middle)
        -: 1247:	return __first;
        -: 1248:
        -: 1249:      typedef typename iterator_traits<_RandomAccessIterator>::difference_type
        -: 1250:	_Distance;
        -: 1251:      typedef typename iterator_traits<_RandomAccessIterator>::value_type
        -: 1252:	_ValueType;
        -: 1253:
        -: 1254:#if __cplusplus >= 201103L
        -: 1255:      typedef typename make_unsigned<_Distance>::type _UDistance;
        -: 1256:#else
        -: 1257:      typedef _Distance _UDistance;
        -: 1258:#endif
        -: 1259:
        -: 1260:      _Distance __n = __last   - __first;
        -: 1261:      _Distance __k = __middle - __first;
        -: 1262:
        -: 1263:      if (__k == __n - __k)
        -: 1264:	{
        -: 1265:	  std::swap_ranges(__first, __middle, __middle);
        -: 1266:	  return __middle;
        -: 1267:	}
        -: 1268:
        -: 1269:      _RandomAccessIterator __p = __first;
        -: 1270:      _RandomAccessIterator __ret = __first + (__last - __middle);
        -: 1271:
        -: 1272:      for (;;)
        -: 1273:	{
        -: 1274:	  if (__k < __n - __k)
        -: 1275:	    {
        -: 1276:	      if (__is_pod(_ValueType) && __k == 1)
        -: 1277:		{
        -: 1278:		  _ValueType __t = _GLIBCXX_MOVE(*__p);
        -: 1279:		  _GLIBCXX_MOVE3(__p + 1, __p + __n, __p);
        -: 1280:		  *(__p + __n - 1) = _GLIBCXX_MOVE(__t);
        -: 1281:		  return __ret;
        -: 1282:		}
        -: 1283:	      _RandomAccessIterator __q = __p + __k;
        -: 1284:	      for (_Distance __i = 0; __i < __n - __k; ++ __i)
        -: 1285:		{
        -: 1286:		  std::iter_swap(__p, __q);
        -: 1287:		  ++__p;
        -: 1288:		  ++__q;
        -: 1289:		}
        -: 1290:	      __n = static_cast<_UDistance>(__n) % static_cast<_UDistance>(__k);
        -: 1291:	      if (__n == 0)
        -: 1292:		return __ret;
        -: 1293:	      std::swap(__n, __k);
        -: 1294:	      __k = __n - __k;
        -: 1295:	    }
        -: 1296:	  else
        -: 1297:	    {
        -: 1298:	      __k = __n - __k;
        -: 1299:	      if (__is_pod(_ValueType) && __k == 1)
        -: 1300:		{
        -: 1301:		  _ValueType __t = _GLIBCXX_MOVE(*(__p + __n - 1));
        -: 1302:		  _GLIBCXX_MOVE_BACKWARD3(__p, __p + __n - 1, __p + __n);
        -: 1303:		  *__p = _GLIBCXX_MOVE(__t);
        -: 1304:		  return __ret;
        -: 1305:		}
        -: 1306:	      _RandomAccessIterator __q = __p + __n;
        -: 1307:	      __p = __q - __k;
        -: 1308:	      for (_Distance __i = 0; __i < __n - __k; ++ __i)
        -: 1309:		{
        -: 1310:		  --__p;
        -: 1311:		  --__q;
        -: 1312:		  std::iter_swap(__p, __q);
        -: 1313:		}
        -: 1314:	      __n = static_cast<_UDistance>(__n) % static_cast<_UDistance>(__k);
        -: 1315:	      if (__n == 0)
        -: 1316:		return __ret;
        -: 1317:	      std::swap(__n, __k);
        -: 1318:	    }
        -: 1319:	}
        -: 1320:    }
        -: 1321:
        -: 1322:   // _GLIBCXX_RESOLVE_LIB_DEFECTS
        -: 1323:   // DR 488. rotate throws away useful information
        -: 1324:  /**
        -: 1325:   *  @brief Rotate the elements of a sequence.
        -: 1326:   *  @ingroup mutating_algorithms
        -: 1327:   *  @param  __first   A forward iterator.
        -: 1328:   *  @param  __middle  A forward iterator.
        -: 1329:   *  @param  __last    A forward iterator.
        -: 1330:   *  @return  first + (last - middle).
        -: 1331:   *
        -: 1332:   *  Rotates the elements of the range @p [__first,__last) by 
        -: 1333:   *  @p (__middle - __first) positions so that the element at @p __middle
        -: 1334:   *  is moved to @p __first, the element at @p __middle+1 is moved to
        -: 1335:   *  @p __first+1 and so on for each element in the range
        -: 1336:   *  @p [__first,__last).
        -: 1337:   *
        -: 1338:   *  This effectively swaps the ranges @p [__first,__middle) and
        -: 1339:   *  @p [__middle,__last).
        -: 1340:   *
        -: 1341:   *  Performs
        -: 1342:   *   @p *(__first+(n+(__last-__middle))%(__last-__first))=*(__first+n)
        -: 1343:   *  for each @p n in the range @p [0,__last-__first).
        -: 1344:  */
        -: 1345:  template<typename _ForwardIterator>
        -: 1346:    _GLIBCXX20_CONSTEXPR
        -: 1347:    inline _ForwardIterator
        -: 1348:    rotate(_ForwardIterator __first, _ForwardIterator __middle,
        -: 1349:	   _ForwardIterator __last)
        -: 1350:    {
        -: 1351:      // concept requirements
        -: 1352:      __glibcxx_function_requires(_Mutable_ForwardIteratorConcept<
        -: 1353:				  _ForwardIterator>)
        -: 1354:      __glibcxx_requires_valid_range(__first, __middle);
        -: 1355:      __glibcxx_requires_valid_range(__middle, __last);
        -: 1356:
        -: 1357:      return std::__rotate(__first, __middle, __last,
        -: 1358:			   std::__iterator_category(__first));
        -: 1359:    }
        -: 1360:
        -: 1361:_GLIBCXX_END_INLINE_ABI_NAMESPACE(_V2)
        -: 1362:
        -: 1363:  /**
        -: 1364:   *  @brief Copy a sequence, rotating its elements.
        -: 1365:   *  @ingroup mutating_algorithms
        -: 1366:   *  @param  __first   A forward iterator.
        -: 1367:   *  @param  __middle  A forward iterator.
        -: 1368:   *  @param  __last    A forward iterator.
        -: 1369:   *  @param  __result  An output iterator.
        -: 1370:   *  @return   An iterator designating the end of the resulting sequence.
        -: 1371:   *
        -: 1372:   *  Copies the elements of the range @p [__first,__last) to the
        -: 1373:   *  range beginning at @result, rotating the copied elements by 
        -: 1374:   *  @p (__middle-__first) positions so that the element at @p __middle
        -: 1375:   *  is moved to @p __result, the element at @p __middle+1 is moved
        -: 1376:   *  to @p __result+1 and so on for each element in the range @p
        -: 1377:   *  [__first,__last).
        -: 1378:   *
        -: 1379:   *  Performs 
        -: 1380:   *  @p *(__result+(n+(__last-__middle))%(__last-__first))=*(__first+n)
        -: 1381:   *  for each @p n in the range @p [0,__last-__first).
        -: 1382:  */
        -: 1383:  template<typename _ForwardIterator, typename _OutputIterator>
        -: 1384:    _GLIBCXX20_CONSTEXPR
        -: 1385:    inline _OutputIterator
        -: 1386:    rotate_copy(_ForwardIterator __first, _ForwardIterator __middle,
        -: 1387:		_ForwardIterator __last, _OutputIterator __result)
        -: 1388:    {
        -: 1389:      // concept requirements
        -: 1390:      __glibcxx_function_requires(_ForwardIteratorConcept<_ForwardIterator>)
        -: 1391:      __glibcxx_function_requires(_OutputIteratorConcept<_OutputIterator,
        -: 1392:		typename iterator_traits<_ForwardIterator>::value_type>)
        -: 1393:      __glibcxx_requires_valid_range(__first, __middle);
        -: 1394:      __glibcxx_requires_valid_range(__middle, __last);
        -: 1395:
        -: 1396:      return std::copy(__first, __middle,
        -: 1397:		       std::copy(__middle, __last, __result));
        -: 1398:    }
        -: 1399:
        -: 1400:  /// This is a helper function...
        -: 1401:  template<typename _ForwardIterator, typename _Predicate>
        -: 1402:    _GLIBCXX20_CONSTEXPR
        -: 1403:    _ForwardIterator
        -: 1404:    __partition(_ForwardIterator __first, _ForwardIterator __last,
        -: 1405:		_Predicate __pred, forward_iterator_tag)
        -: 1406:    {
        -: 1407:      if (__first == __last)
        -: 1408:	return __first;
        -: 1409:
        -: 1410:      while (__pred(*__first))
        -: 1411:	if (++__first == __last)
        -: 1412:	  return __first;
        -: 1413:
        -: 1414:      _ForwardIterator __next = __first;
        -: 1415:
        -: 1416:      while (++__next != __last)
        -: 1417:	if (__pred(*__next))
        -: 1418:	  {
        -: 1419:	    std::iter_swap(__first, __next);
        -: 1420:	    ++__first;
        -: 1421:	  }
        -: 1422:
        -: 1423:      return __first;
        -: 1424:    }
        -: 1425:
        -: 1426:  /// This is a helper function...
        -: 1427:  template<typename _BidirectionalIterator, typename _Predicate>
        -: 1428:    _GLIBCXX20_CONSTEXPR
        -: 1429:    _BidirectionalIterator
        -: 1430:    __partition(_BidirectionalIterator __first, _BidirectionalIterator __last,
        -: 1431:		_Predicate __pred, bidirectional_iterator_tag)
        -: 1432:    {
        -: 1433:      while (true)
        -: 1434:	{
        -: 1435:	  while (true)
        -: 1436:	    if (__first == __last)
        -: 1437:	      return __first;
        -: 1438:	    else if (__pred(*__first))
        -: 1439:	      ++__first;
        -: 1440:	    else
        -: 1441:	      break;
        -: 1442:	  --__last;
        -: 1443:	  while (true)
        -: 1444:	    if (__first == __last)
        -: 1445:	      return __first;
        -: 1446:	    else if (!bool(__pred(*__last)))
        -: 1447:	      --__last;
        -: 1448:	    else
        -: 1449:	      break;
        -: 1450:	  std::iter_swap(__first, __last);
        -: 1451:	  ++__first;
        -: 1452:	}
        -: 1453:    }
        -: 1454:
        -: 1455:#if _GLIBCXX_HOSTED
        -: 1456:  // partition
        -: 1457:
        -: 1458:  /// This is a helper function...
        -: 1459:  /// Requires __first != __last and !__pred(__first)
        -: 1460:  /// and __len == distance(__first, __last).
        -: 1461:  ///
        -: 1462:  /// !__pred(__first) allows us to guarantee that we don't
        -: 1463:  /// move-assign an element onto itself.
        -: 1464:  template<typename _ForwardIterator, typename _Pointer, typename _Predicate,
        -: 1465:	   typename _Distance>
        -: 1466:    _ForwardIterator
        -: 1467:    __stable_partition_adaptive(_ForwardIterator __first,
        -: 1468:				_ForwardIterator __last,
        -: 1469:				_Predicate __pred, _Distance __len,
        -: 1470:				_Pointer __buffer,
        -: 1471:				_Distance __buffer_size)
        -: 1472:    {
        -: 1473:      if (__len == 1)
        -: 1474:	return __first;
        -: 1475:
        -: 1476:      if (__len <= __buffer_size)
        -: 1477:	{
        -: 1478:	  _ForwardIterator __result1 = __first;
        -: 1479:	  _Pointer __result2 = __buffer;
        -: 1480:
        -: 1481:	  // The precondition guarantees that !__pred(__first), so
        -: 1482:	  // move that element to the buffer before starting the loop.
        -: 1483:	  // This ensures that we only call __pred once per element.
        -: 1484:	  *__result2 = _GLIBCXX_MOVE(*__first);
        -: 1485:	  ++__result2;
        -: 1486:	  ++__first;
        -: 1487:	  for (; __first != __last; ++__first)
        -: 1488:	    if (__pred(__first))
        -: 1489:	      {
        -: 1490:		*__result1 = _GLIBCXX_MOVE(*__first);
        -: 1491:		++__result1;
        -: 1492:	      }
        -: 1493:	    else
        -: 1494:	      {
        -: 1495:		*__result2 = _GLIBCXX_MOVE(*__first);
        -: 1496:		++__result2;
        -: 1497:	      }
        -: 1498:
        -: 1499:	  _GLIBCXX_MOVE3(__buffer, __result2, __result1);
        -: 1500:	  return __result1;
        -: 1501:	}
        -: 1502:
        -: 1503:      _ForwardIterator __middle = __first;
        -: 1504:      std::advance(__middle, __len / 2);
        -: 1505:      _ForwardIterator __left_split =
        -: 1506:	std::__stable_partition_adaptive(__first, __middle, __pred,
        -: 1507:					 __len / 2, __buffer,
        -: 1508:					 __buffer_size);
        -: 1509:
        -: 1510:      // Advance past true-predicate values to satisfy this
        -: 1511:      // function's preconditions.
        -: 1512:      _Distance __right_len = __len - __len / 2;
        -: 1513:      _ForwardIterator __right_split =
        -: 1514:	std::__find_if_not_n(__middle, __right_len, __pred);
        -: 1515:
        -: 1516:      if (__right_len)
        -: 1517:	__right_split =
        -: 1518:	  std::__stable_partition_adaptive(__right_split, __last, __pred,
        -: 1519:					   __right_len,
        -: 1520:					   __buffer, __buffer_size);
        -: 1521:
        -: 1522:      return std::rotate(__left_split, __middle, __right_split);
        -: 1523:    }
        -: 1524:
        -: 1525:  template<typename _ForwardIterator, typename _Predicate>
        -: 1526:    _ForwardIterator
        -: 1527:    __stable_partition(_ForwardIterator __first, _ForwardIterator __last,
        -: 1528:		       _Predicate __pred)
        -: 1529:    {
        -: 1530:      __first = std::__find_if_not(__first, __last, __pred);
        -: 1531:
        -: 1532:      if (__first == __last)
        -: 1533:	return __first;
        -: 1534:
        -: 1535:      typedef typename iterator_traits<_ForwardIterator>::value_type
        -: 1536:	_ValueType;
        -: 1537:      typedef typename iterator_traits<_ForwardIterator>::difference_type
        -: 1538:	_DistanceType;
        -: 1539:
        -: 1540:      _Temporary_buffer<_ForwardIterator, _ValueType>
        -: 1541:	__buf(__first, std::distance(__first, __last));
        -: 1542:      return
        -: 1543:	std::__stable_partition_adaptive(__first, __last, __pred,
        -: 1544:					 _DistanceType(__buf.requested_size()),
        -: 1545:					 __buf.begin(),
        -: 1546:					 _DistanceType(__buf.size()));
        -: 1547:    }
        -: 1548:
        -: 1549:  /**
        -: 1550:   *  @brief Move elements for which a predicate is true to the beginning
        -: 1551:   *         of a sequence, preserving relative ordering.
        -: 1552:   *  @ingroup mutating_algorithms
        -: 1553:   *  @param  __first   A forward iterator.
        -: 1554:   *  @param  __last    A forward iterator.
        -: 1555:   *  @param  __pred    A predicate functor.
        -: 1556:   *  @return  An iterator @p middle such that @p __pred(i) is true for each
        -: 1557:   *  iterator @p i in the range @p [first,middle) and false for each @p i
        -: 1558:   *  in the range @p [middle,last).
        -: 1559:   *
        -: 1560:   *  Performs the same function as @p partition() with the additional
        -: 1561:   *  guarantee that the relative ordering of elements in each group is
        -: 1562:   *  preserved, so any two elements @p x and @p y in the range
        -: 1563:   *  @p [__first,__last) such that @p __pred(x)==__pred(y) will have the same
        -: 1564:   *  relative ordering after calling @p stable_partition().
        -: 1565:  */
        -: 1566:  template<typename _ForwardIterator, typename _Predicate>
        -: 1567:    inline _ForwardIterator
        -: 1568:    stable_partition(_ForwardIterator __first, _ForwardIterator __last,
        -: 1569:		     _Predicate __pred)
        -: 1570:    {
        -: 1571:      // concept requirements
        -: 1572:      __glibcxx_function_requires(_Mutable_ForwardIteratorConcept<
        -: 1573:				  _ForwardIterator>)
        -: 1574:      __glibcxx_function_requires(_UnaryPredicateConcept<_Predicate,
        -: 1575:	    typename iterator_traits<_ForwardIterator>::value_type>)
        -: 1576:      __glibcxx_requires_valid_range(__first, __last);
        -: 1577:
        -: 1578:      return std::__stable_partition(__first, __last,
        -: 1579:				     __gnu_cxx::__ops::__pred_iter(__pred));
        -: 1580:    }
        -: 1581:#endif // HOSTED
        -: 1582:
        -: 1583:  /// @cond undocumented
        -: 1584:
        -: 1585:  /// This is a helper function for the sort routines.
        -: 1586:  template<typename _RandomAccessIterator, typename _Compare>
        -: 1587:    _GLIBCXX20_CONSTEXPR
        -: 1588:    void
        -: 1589:    __heap_select(_RandomAccessIterator __first,
        -: 1590:		  _RandomAccessIterator __middle,
        -: 1591:		  _RandomAccessIterator __last, _Compare __comp)
        -: 1592:    {
        -: 1593:      std::__make_heap(__first, __middle, __comp);
[...]
        -: 5480:	    typename iterator_traits<_InputIterator1>::value_type>)
        -: 5481:      __glibcxx_function_requires(_OutputIteratorConcept<_OutputIterator,
        -: 5482:	    typename iterator_traits<_InputIterator2>::value_type>)
        -: 5483:      __glibcxx_function_requires(_LessThanOpConcept<
        -: 5484:	    typename iterator_traits<_InputIterator1>::value_type,
        -: 5485:	    typename iterator_traits<_InputIterator2>::value_type>)
        -: 5486:      __glibcxx_function_requires(_LessThanOpConcept<
        -: 5487:	    typename iterator_traits<_InputIterator2>::value_type,
        -: 5488:	    typename iterator_traits<_InputIterator1>::value_type>)	
        -: 5489:      __glibcxx_requires_sorted_set(__first1, __last1, __first2);
        -: 5490:      __glibcxx_requires_sorted_set(__first2, __last2, __first1);
        -: 5491:      __glibcxx_requires_irreflexive2(__first1, __last1);
        -: 5492:      __glibcxx_requires_irreflexive2(__first2, __last2);
        -: 5493:
        -: 5494:      return _GLIBCXX_STD_A::__set_symmetric_difference(__first1, __last1,
        -: 5495:					__first2, __last2, __result,
        -: 5496:					__gnu_cxx::__ops::__iter_less_iter());
        -: 5497:    }
        -: 5498:
        -: 5499:  /**
        -: 5500:   *  @brief  Return the symmetric difference of two sorted ranges using
        -: 5501:   *  comparison functor.
        -: 5502:   *  @ingroup set_algorithms
        -: 5503:   *  @param  __first1  Start of first range.
        -: 5504:   *  @param  __last1   End of first range.
        -: 5505:   *  @param  __first2  Start of second range.
        -: 5506:   *  @param  __last2   End of second range.
        -: 5507:   *  @param  __result  Start of output range.
        -: 5508:   *  @param  __comp    The comparison functor.
        -: 5509:   *  @return  End of the output range.
        -: 5510:   *  @ingroup set_algorithms
        -: 5511:   *
        -: 5512:   *  This operation iterates over both ranges, copying elements present in
        -: 5513:   *  one range but not the other in order to the output range.  Iterators
        -: 5514:   *  increment for each range.  When the current element of one range is less
        -: 5515:   *  than the other according to @p comp, that element is copied and the
        -: 5516:   *  iterator advances.  If an element is contained in both ranges according
        -: 5517:   *  to @p __comp, no elements are copied and both ranges advance.  The output
        -: 5518:   *  range may not overlap either input range.
        -: 5519:  */
        -: 5520:  template<typename _InputIterator1, typename _InputIterator2,
        -: 5521:	   typename _OutputIterator, typename _Compare>
        -: 5522:    _GLIBCXX20_CONSTEXPR
        -: 5523:    inline _OutputIterator
        -: 5524:    set_symmetric_difference(_InputIterator1 __first1, _InputIterator1 __last1,
        -: 5525:			     _InputIterator2 __first2, _InputIterator2 __last2,
        -: 5526:			     _OutputIterator __result,
        -: 5527:			     _Compare __comp)
        -: 5528:    {
        -: 5529:      // concept requirements
        -: 5530:      __glibcxx_function_requires(_InputIteratorConcept<_InputIterator1>)
        -: 5531:      __glibcxx_function_requires(_InputIteratorConcept<_InputIterator2>)
        -: 5532:      __glibcxx_function_requires(_OutputIteratorConcept<_OutputIterator,
        -: 5533:	    typename iterator_traits<_InputIterator1>::value_type>)
        -: 5534:      __glibcxx_function_requires(_OutputIteratorConcept<_OutputIterator,
        -: 5535:	    typename iterator_traits<_InputIterator2>::value_type>)
        -: 5536:      __glibcxx_function_requires(_BinaryPredicateConcept<_Compare,
        -: 5537:	    typename iterator_traits<_InputIterator1>::value_type,
        -: 5538:	    typename iterator_traits<_InputIterator2>::value_type>)
        -: 5539:      __glibcxx_function_requires(_BinaryPredicateConcept<_Compare,
        -: 5540:	    typename iterator_traits<_InputIterator2>::value_type,
        -: 5541:	    typename iterator_traits<_InputIterator1>::value_type>)
        -: 5542:      __glibcxx_requires_sorted_set_pred(__first1, __last1, __first2, __comp);
        -: 5543:      __glibcxx_requires_sorted_set_pred(__first2, __last2, __first1, __comp);
        -: 5544:      __glibcxx_requires_irreflexive_pred2(__first1, __last1, __comp);
        -: 5545:      __glibcxx_requires_irreflexive_pred2(__first2, __last2, __comp);
        -: 5546:
        -: 5547:      return _GLIBCXX_STD_A::__set_symmetric_difference(__first1, __last1,
        -: 5548:				__first2, __last2, __result,
        -: 5549:				__gnu_cxx::__ops::__iter_comp_iter(__comp));
        -: 5550:    }
        -: 5551:
        -: 5552:  template<typename _ForwardIterator, typename _Compare>
        -: 5553:    _GLIBCXX14_CONSTEXPR
        -: 5554:    _ForwardIterator
        -: 5555:    __min_element(_ForwardIterator __first, _ForwardIterator __last,
        -: 5556:		  _Compare __comp)
        -: 5557:    {
        -: 5558:      if (__first == __last)
        -: 5559:	return __first;
        -: 5560:      _ForwardIterator __result = __first;
        -: 5561:      while (++__first != __last)
        -: 5562:	if (__comp(__first, __result))
        -: 5563:	  __result = __first;
        -: 5564:      return __result;
        -: 5565:    }
        -: 5566:
        -: 5567:  /**
        -: 5568:   *  @brief  Return the minimum element in a range.
        -: 5569:   *  @ingroup sorting_algorithms
        -: 5570:   *  @param  __first  Start of range.
        -: 5571:   *  @param  __last   End of range.
        -: 5572:   *  @return  Iterator referencing the first instance of the smallest value.
        -: 5573:  */
        -: 5574:  template<typename _ForwardIterator>
        -: 5575:    _GLIBCXX_NODISCARD _GLIBCXX14_CONSTEXPR
        -: 5576:    _ForwardIterator
        -: 5577:    inline min_element(_ForwardIterator __first, _ForwardIterator __last)
        -: 5578:    {
        -: 5579:      // concept requirements
        -: 5580:      __glibcxx_function_requires(_ForwardIteratorConcept<_ForwardIterator>)
        -: 5581:      __glibcxx_function_requires(_LessThanComparableConcept<
        -: 5582:	    typename iterator_traits<_ForwardIterator>::value_type>)
        -: 5583:      __glibcxx_requires_valid_range(__first, __last);
        -: 5584:      __glibcxx_requires_irreflexive(__first, __last);
        -: 5585:
        -: 5586:      return _GLIBCXX_STD_A::__min_element(__first, __last,
        -: 5587:				__gnu_cxx::__ops::__iter_less_iter());
        -: 5588:    }
        -: 5589:
        -: 5590:  /**
        -: 5591:   *  @brief  Return the minimum element in a range using comparison functor.
        -: 5592:   *  @ingroup sorting_algorithms
        -: 5593:   *  @param  __first  Start of range.
        -: 5594:   *  @param  __last   End of range.
        -: 5595:   *  @param  __comp   Comparison functor.
        -: 5596:   *  @return  Iterator referencing the first instance of the smallest value
        -: 5597:   *  according to __comp.
        -: 5598:  */
        -: 5599:  template<typename _ForwardIterator, typename _Compare>
        -: 5600:    _GLIBCXX_NODISCARD _GLIBCXX14_CONSTEXPR
        -: 5601:    inline _ForwardIterator
        -: 5602:    min_element(_ForwardIterator __first, _ForwardIterator __last,
        -: 5603:		_Compare __comp)
        -: 5604:    {
        -: 5605:      // concept requirements
        -: 5606:      __glibcxx_function_requires(_ForwardIteratorConcept<_ForwardIterator>)
        -: 5607:      __glibcxx_function_requires(_BinaryPredicateConcept<_Compare,
        -: 5608:	    typename iterator_traits<_ForwardIterator>::value_type,
        -: 5609:	    typename iterator_traits<_ForwardIterator>::value_type>)
        -: 5610:      __glibcxx_requires_valid_range(__first, __last);
        -: 5611:      __glibcxx_requires_irreflexive_pred(__first, __last, __comp);
        -: 5612:
        -: 5613:      return _GLIBCXX_STD_A::__min_element(__first, __last,
        -: 5614:				__gnu_cxx::__ops::__iter_comp_iter(__comp));
        -: 5615:    }
        -: 5616:
        -: 5617:  template<typename _ForwardIterator, typename _Compare>
        -: 5618:    _GLIBCXX14_CONSTEXPR
        -: 5619:    _ForwardIterator
        -: 5620:    __max_element(_ForwardIterator __first, _ForwardIterator __last,
        -: 5621:		  _Compare __comp)
        -: 5622:    {
        -: 5623:      if (__first == __last) return __first;
        -: 5624:      _ForwardIterator __result = __first;
        -: 5625:      while (++__first != __last)
        -: 5626:	if (__comp(__result, __first))
        -: 5627:	  __result = __first;
        -: 5628:      return __result;
        -: 5629:    }
        -: 5630:
        -: 5631:  /**
        -: 5632:   *  @brief  Return the maximum element in a range.
        -: 5633:   *  @ingroup sorting_algorithms
        -: 5634:   *  @param  __first  Start of range.
        -: 5635:   *  @param  __last   End of range.
        -: 5636:   *  @return  Iterator referencing the first instance of the largest value.
        -: 5637:  */
        -: 5638:  template<typename _ForwardIterator>
        -: 5639:    _GLIBCXX_NODISCARD _GLIBCXX14_CONSTEXPR
        -: 5640:    inline _ForwardIterator
        -: 5641:    max_element(_ForwardIterator __first, _ForwardIterator __last)
        -: 5642:    {
        -: 5643:      // concept requirements
        -: 5644:      __glibcxx_function_requires(_ForwardIteratorConcept<_ForwardIterator>)
        -: 5645:      __glibcxx_function_requires(_LessThanComparableConcept<
        -: 5646:	    typename iterator_traits<_ForwardIterator>::value_type>)
        -: 5647:      __glibcxx_requires_valid_range(__first, __last);
        -: 5648:      __glibcxx_requires_irreflexive(__first, __last);
        -: 5649:
        -: 5650:      return _GLIBCXX_STD_A::__max_element(__first, __last,
        -: 5651:				__gnu_cxx::__ops::__iter_less_iter());
        -: 5652:    }
        -: 5653:
        -: 5654:  /**
        -: 5655:   *  @brief  Return the maximum element in a range using comparison functor.
        -: 5656:   *  @ingroup sorting_algorithms
        -: 5657:   *  @param  __first  Start of range.
        -: 5658:   *  @param  __last   End of range.
        -: 5659:   *  @param  __comp   Comparison functor.
        -: 5660:   *  @return  Iterator referencing the first instance of the largest value
        -: 5661:   *  according to __comp.
        -: 5662:  */
        -: 5663:  template<typename _ForwardIterator, typename _Compare>
        -: 5664:    _GLIBCXX_NODISCARD _GLIBCXX14_CONSTEXPR
        -: 5665:    inline _ForwardIterator
        -: 5666:    max_element(_ForwardIterator __first, _ForwardIterator __last,
        -: 5667:		_Compare __comp)
        -: 5668:    {
        -: 5669:      // concept requirements
        -: 5670:      __glibcxx_function_requires(_ForwardIteratorConcept<_ForwardIterator>)
        -: 5671:      __glibcxx_function_requires(_BinaryPredicateConcept<_Compare,
        -: 5672:	    typename iterator_traits<_ForwardIterator>::value_type,
        -: 5673:	    typename iterator_traits<_ForwardIterator>::value_type>)
        -: 5674:      __glibcxx_requires_valid_range(__first, __last);
        -: 5675:      __glibcxx_requires_irreflexive_pred(__first, __last, __comp);
        -: 5676:
        -: 5677:      return _GLIBCXX_STD_A::__max_element(__first, __last,
        -: 5678:				__gnu_cxx::__ops::__iter_comp_iter(__comp));
        -: 5679:    }
        -: 5680:
        -: 5681:#if __cplusplus >= 201103L
        -: 5682:  // N2722 + DR 915.
        -: 5683:  template<typename _Tp>
        -: 5684:    _GLIBCXX14_CONSTEXPR
        -: 5685:    inline _Tp
        -: 5686:    min(initializer_list<_Tp> __l)
        -: 5687:    {
        -: 5688:      __glibcxx_requires_irreflexive(__l.begin(), __l.end());
        -: 5689:      return *_GLIBCXX_STD_A::__min_element(__l.begin(), __l.end(),
        -: 5690:	  __gnu_cxx::__ops::__iter_less_iter());
        -: 5691:    }
        -: 5692:
        -: 5693:  template<typename _Tp, typename _Compare>
        -: 5694:    _GLIBCXX14_CONSTEXPR
        -: 5695:    inline _Tp
        -: 5696:    min(initializer_list<_Tp> __l, _Compare __comp)
        -: 5697:    {
        -: 5698:      __glibcxx_requires_irreflexive_pred(__l.begin(), __l.end(), __comp);
        -: 5699:      return *_GLIBCXX_STD_A::__min_element(__l.begin(), __l.end(),
        -: 5700:	  __gnu_cxx::__ops::__iter_comp_iter(__comp));
        -: 5701:    }
        -: 5702:
        -: 5703:  template<typename _Tp>
        -: 5704:    _GLIBCXX14_CONSTEXPR
        -: 5705:    inline _Tp
        -: 5706:    max(initializer_list<_Tp> __l)
        -: 5707:    {
        -: 5708:      __glibcxx_requires_irreflexive(__l.begin(), __l.end());
        -: 5709:      return *_GLIBCXX_STD_A::__max_element(__l.begin(), __l.end(),
        -: 5710:	  __gnu_cxx::__ops::__iter_less_iter());
        -: 5711:    }
        -: 5712:
        -: 5713:  template<typename _Tp, typename _Compare>
        -: 5714:    _GLIBCXX14_CONSTEXPR
        -: 5715:    inline _Tp
        -: 5716:    max(initializer_list<_Tp> __l, _Compare __comp)
        -: 5717:    {
        -: 5718:      __glibcxx_requires_irreflexive_pred(__l.begin(), __l.end(), __comp);
        -: 5719:      return *_GLIBCXX_STD_A::__max_element(__l.begin(), __l.end(),
        -: 5720:	  __gnu_cxx::__ops::__iter_comp_iter(__comp));
        -: 5721:    }
        -: 5722:#endif // C++11
        -: 5723:
        -: 5724:#if __cplusplus >= 201402L
        -: 5725:  /// Reservoir sampling algorithm.
        -: 5726:  template<typename _InputIterator, typename _RandomAccessIterator,
        -: 5727:           typename _Size, typename _UniformRandomBitGenerator>
        -: 5728:    _RandomAccessIterator
        -: 5729:    __sample(_InputIterator __first, _InputIterator __last, input_iterator_tag,
        -: 5730:	     _RandomAccessIterator __out, random_access_iterator_tag,
        -: 5731:	     _Size __n, _UniformRandomBitGenerator&& __g)
        -: 5732:    {
        -: 5733:      using __distrib_type = uniform_int_distribution<_Size>;
        -: 5734:      using __param_type = typename __distrib_type::param_type;
        -: 5735:      __distrib_type __d{};
        -: 5736:      _Size __sample_sz = 0;
        -: 5737:      while (__first != __last && __sample_sz != __n)
        -: 5738:	{
        -: 5739:	  __out[__sample_sz++] = *__first;
        -: 5740:	  ++__first;
        -: 5741:	}
        -: 5742:      for (auto __pop_sz = __sample_sz; __first != __last;
        -: 5743:	  ++__first, (void) ++__pop_sz)
        -: 5744:	{
        -: 5745:	  const auto __k = __d(__g, __param_type{0, __pop_sz});
        -: 5746:	  if (__k < __n)
        -: 5747:	    __out[__k] = *__first;
        -: 5748:	}
        -: 5749:      return __out + __sample_sz;
        -: 5750:    }
        -: 5751:
        -: 5752:  /// Selection sampling algorithm.
        -: 5753:  template<typename _ForwardIterator, typename _OutputIterator, typename _Cat,
        -: 5754:           typename _Size, typename _UniformRandomBitGenerator>
        -: 5755:    _OutputIterator
        -: 5756:    __sample(_ForwardIterator __first, _ForwardIterator __last,
        -: 5757:	     forward_iterator_tag,
        -: 5758:	     _OutputIterator __out, _Cat,
        -: 5759:	     _Size __n, _UniformRandomBitGenerator&& __g)
        -: 5760:    {
        -: 5761:      using __distrib_type = uniform_int_distribution<_Size>;
        -: 5762:      using __param_type = typename __distrib_type::param_type;
        -: 5763:      using _USize = make_unsigned_t<_Size>;
        -: 5764:      using _Gen = remove_reference_t<_UniformRandomBitGenerator>;
        -: 5765:      using __uc_type = common_type_t<typename _Gen::result_type, _USize>;
        -: 5766:
        -: 5767:      if (__first == __last)
        -: 5768:	return __out;
        -: 5769:
        -: 5770:      __distrib_type __d{};
        -: 5771:      _Size __unsampled_sz = std::distance(__first, __last);
        -: 5772:      __n = std::min(__n, __unsampled_sz);
        -: 5773:
        -: 5774:      // If possible, we use __gen_two_uniform_ints to efficiently produce
        -: 5775:      // two random numbers using a single distribution invocation:
        -: 5776:
        -: 5777:      const __uc_type __urngrange = __g.max() - __g.min();
        -: 5778:      if (__urngrange / __uc_type(__unsampled_sz) >= __uc_type(__unsampled_sz))
        -: 5779:        // I.e. (__urngrange >= __unsampled_sz * __unsampled_sz) but without
        -: 5780:	// wrapping issues.
        -: 5781:        {
        -: 5782:	  while (__n != 0 && __unsampled_sz >= 2)
        -: 5783:	    {
        -: 5784:	      const pair<_Size, _Size> __p =
        -: 5785:		__gen_two_uniform_ints(__unsampled_sz, __unsampled_sz - 1, __g);
        -: 5786:
        -: 5787:	      --__unsampled_sz;
        -: 5788:	      if (__p.first < __n)
        -: 5789:		{
        -: 5790:		  *__out++ = *__first;
        -: 5791:		  --__n;
        -: 5792:		}
        -: 5793:
        -: 5794:	      ++__first;
        -: 5795:
        -: 5796:	      if (__n == 0) break;
        -: 5797:
        -: 5798:	      --__unsampled_sz;
        -: 5799:	      if (__p.second < __n)
        -: 5800:		{
        -: 5801:		  *__out++ = *__first;
        -: 5802:		  --__n;
        -: 5803:		}
        -: 5804:
        -: 5805:	      ++__first;
        -: 5806:	    }
        -: 5807:        }
        -: 5808:
        -: 5809:      // The loop above is otherwise equivalent to this one-at-a-time version:
        -: 5810:
        -: 5811:      for (; __n != 0; ++__first)
        -: 5812:	if (__d(__g, __param_type{0, --__unsampled_sz}) < __n)
        -: 5813:	  {
        -: 5814:	    *__out++ = *__first;
        -: 5815:	    --__n;
        -: 5816:	  }
        -: 5817:      return __out;
        -: 5818:    }
        -: 5819:#endif // C++14
        -: 5820:
        -: 5821:#ifdef __glibcxx_sample // C++ >= 17
        -: 5822:  /// Take a random sample from a population.
        -: 5823:  template<typename _PopulationIterator, typename _SampleIterator,
        -: 5824:           typename _Distance, typename _UniformRandomBitGenerator>
        -: 5825:    _SampleIterator
        -: 5826:    sample(_PopulationIterator __first, _PopulationIterator __last,
        -: 5827:	   _SampleIterator __out, _Distance __n,
        -: 5828:	   _UniformRandomBitGenerator&& __g)
        -: 5829:    {
        -: 5830:      using __pop_cat = typename
        -: 5831:	std::iterator_traits<_PopulationIterator>::iterator_category;
        -: 5832:      using __samp_cat = typename
        -: 5833:	std::iterator_traits<_SampleIterator>::iterator_category;
        -: 5834:
        -: 5835:      static_assert(
        -: 5836:	  __or_<is_convertible<__pop_cat, forward_iterator_tag>,
        -: 5837:		is_convertible<__samp_cat, random_access_iterator_tag>>::value,
        -: 5838:	  "output range must use a RandomAccessIterator when input range"
        -: 5839:	  " does not meet the ForwardIterator requirements");
        -: 5840:
        -: 5841:      static_assert(is_integral<_Distance>::value,
        -: 5842:		    "sample size must be an integer type");
        -: 5843:
        -: 5844:      typename iterator_traits<_PopulationIterator>::difference_type __d = __n;
        -: 5845:      return _GLIBCXX_STD_A::
        -: 5846:	__sample(__first, __last, __pop_cat{}, __out, __samp_cat{}, __d,
        -: 5847:		 std::forward<_UniformRandomBitGenerator>(__g));
        -: 5848:    }
        -: 5849:#endif // __glibcxx_sample
        -: 5850:
        -: 5851:_GLIBCXX_END_NAMESPACE_ALGO
        -: 5852:_GLIBCXX_END_NAMESPACE_VERSION
        -: 5853:} // namespace std
        -: 5854:
        -: 5855:#endif /* _STL_ALGO_H */
